<?xml version="1.0" encoding="UTF-8"?>
<testng-results skipped="4" failed="0" total="4" passed="0">
  <reporter-output>
  </reporter-output>
  <suite name="Default suite" duration-ms="164" started-at="2018-11-20T06:45:41Z" finished-at="2018-11-20T06:45:41Z">
    <groups>
    </groups>
    <test name="Default test" duration-ms="164" started-at="2018-11-20T06:45:41Z" finished-at="2018-11-20T06:45:41Z">
      <class name="com.cgg.testcases.LoginTest">
        <test-method status="FAIL" signature="beforetest()[pri:0, instance:com.cgg.testcases.LoginTest@6b54655f]" name="beforetest" is-config="true" duration-ms="0" started-at="2018-11-20T12:15:36Z" finished-at="2018-11-20T12:15:36Z">
          <exception class="org.openqa.selenium.WebDriverException">
            <message>
              <![CDATA[this.getChromeWindowFromDocumentWindow(...) is undefined
Command duration or timeout: 111 milliseconds
Build info: version: '2.53.1', revision: 'a36b8b1cd5757287168e54b817830adce9b0158d', time: '2016-06-30 19:26:09'
System info: host: 'CGGDESKFF05', ip: '10.2.24.47', os.name: 'Windows 7', os.arch: 'amd64', os.version: '6.1', java.version: '1.8.0_181'
Driver info: org.openqa.selenium.firefox.FirefoxDriver
Capabilities [{applicationCacheEnabled=true, rotatable=false, handlesAlerts=true, databaseEnabled=true, version=43.0.1, platform=WINDOWS, nativeEvents=false, acceptSslCerts=true, webStorageEnabled=true, locationContextEnabled=true, browserName=firefox, takesScreenshot=true, javascriptEnabled=true, cssSelectorsEnabled=true}]
Session ID: 6359cdbf-5584-4a95-9c78-2d0020d56edd]]>
            </message>
            <full-stacktrace>
              <![CDATA[org.openqa.selenium.WebDriverException: this.getChromeWindowFromDocumentWindow(...) is undefined
Command duration or timeout: 111 milliseconds
Build info: version: '2.53.1', revision: 'a36b8b1cd5757287168e54b817830adce9b0158d', time: '2016-06-30 19:26:09'
System info: host: 'CGGDESKFF05', ip: '10.2.24.47', os.name: 'Windows 7', os.arch: 'amd64', os.version: '6.1', java.version: '1.8.0_181'
Driver info: org.openqa.selenium.firefox.FirefoxDriver
Capabilities [{applicationCacheEnabled=true, rotatable=false, handlesAlerts=true, databaseEnabled=true, version=43.0.1, platform=WINDOWS, nativeEvents=false, acceptSslCerts=true, webStorageEnabled=true, locationContextEnabled=true, browserName=firefox, takesScreenshot=true, javascriptEnabled=true, cssSelectorsEnabled=true}]
Session ID: 6359cdbf-5584-4a95-9c78-2d0020d56edd
	at sun.reflect.NativeConstructorAccessorImpl.newInstance0(Native Method)
	at sun.reflect.NativeConstructorAccessorImpl.newInstance(Unknown Source)
	at sun.reflect.DelegatingConstructorAccessorImpl.newInstance(Unknown Source)
	at java.lang.reflect.Constructor.newInstance(Unknown Source)
	at org.openqa.selenium.remote.ErrorHandler.createThrowable(ErrorHandler.java:206)
	at org.openqa.selenium.remote.ErrorHandler.throwIfResponseFailed(ErrorHandler.java:158)
	at org.openqa.selenium.remote.RemoteWebDriver.execute(RemoteWebDriver.java:678)
	at org.openqa.selenium.remote.RemoteWebDriver$RemoteWebDriverOptions$RemoteWindow.maximize(RemoteWebDriver.java:945)
	at com.cgg.testcases.TestBase.openBrowser(TestBase.java:100)
	at com.cgg.testcases.TestBase.beforetest(TestBase.java:114)
	at sun.reflect.NativeMethodAccessorImpl.invoke0(Native Method)
	at sun.reflect.NativeMethodAccessorImpl.invoke(Unknown Source)
	at sun.reflect.DelegatingMethodAccessorImpl.invoke(Unknown Source)
	at java.lang.reflect.Method.invoke(Unknown Source)
	at org.testng.internal.MethodInvocationHelper.invokeMethod(MethodInvocationHelper.java:86)
	at org.testng.internal.Invoker.invokeConfigurationMethod(Invoker.java:514)
	at org.testng.internal.Invoker.invokeConfigurations(Invoker.java:215)
	at org.testng.internal.Invoker.invokeConfigurations(Invoker.java:142)
	at org.testng.SuiteRunner.privateRun(SuiteRunner.java:305)
	at org.testng.SuiteRunner.run(SuiteRunner.java:268)
	at org.testng.SuiteRunnerWorker.runSuite(SuiteRunnerWorker.java:52)
	at org.testng.SuiteRunnerWorker.run(SuiteRunnerWorker.java:86)
	at org.testng.TestNG.runSuitesSequentially(TestNG.java:1244)
	at org.testng.TestNG.runSuitesLocally(TestNG.java:1169)
	at org.testng.TestNG.run(TestNG.java:1064)
	at org.testng.remote.AbstractRemoteTestNG.run(AbstractRemoteTestNG.java:132)
	at org.testng.remote.RemoteTestNG.initAndRun(RemoteTestNG.java:236)
	at org.testng.remote.RemoteTestNG.main(RemoteTestNG.java:81)
Caused by: org.openqa.selenium.WebDriverException: this.getChromeWindowFromDocumentWindow(...) is undefined
Build info: version: '2.53.1', revision: 'a36b8b1cd5757287168e54b817830adce9b0158d', time: '2016-06-30 19:26:09'
System info: host: 'CGGDESKFF05', ip: '10.2.24.47', os.name: 'Windows 7', os.arch: 'amd64', os.version: '6.1', java.version: '1.8.0_181'
Driver info: driver.version: unknown
	at <anonymous class>.FirefoxDriver.prototype.maximizeWindow(file:///C:/Users/BRAHMA~1/AppData/Local/Temp/anonymous7274268927572356221webdriver-profile/extensions/fxdriver@googlecode.com/components/driver-component.js:11140)
	at <anonymous class>.DelayedCommand.prototype.executeInternal_/h(file:///C:/Users/BRAHMA~1/AppData/Local/Temp/anonymous7274268927572356221webdriver-profile/extensions/fxdriver@googlecode.com/components/command-processor.js:12661)
	at <anonymous class>.DelayedCommand.prototype.executeInternal_(file:///C:/Users/BRAHMA~1/AppData/Local/Temp/anonymous7274268927572356221webdriver-profile/extensions/fxdriver@googlecode.com/components/command-processor.js:12666)
	at <anonymous class>.DelayedCommand.prototype.execute/<(file:///C:/Users/BRAHMA~1/AppData/Local/Temp/anonymous7274268927572356221webdriver-profile/extensions/fxdriver@googlecode.com/components/command-processor.js:12608)
]]>
            </full-stacktrace>
          </exception> <!-- org.openqa.selenium.WebDriverException -->
          <reporter-output>
          </reporter-output>
        </test-method> <!-- beforetest -->
        <test-method status="SKIP" signature="testLogin(java.util.Hashtable)[pri:0, instance:com.cgg.testcases.LoginTest@6b54655f]" name="testLogin" duration-ms="1" started-at="2018-11-20T12:15:41Z" data-provider="getData" finished-at="2018-11-20T12:15:41Z">
          <params>
            <param index="0">
              <value>
                <![CDATA[{Name=, TC=TC-001, LoginId=rasheed, Password=R@sheed66, Runmode=Y, DataFlag=P}]]>
              </value>
            </param>
          </params>
          <reporter-output>
          </reporter-output>
        </test-method> <!-- testLogin -->
        <test-method status="SKIP" signature="Aftertest()[pri:0, instance:com.cgg.testcases.LoginTest@6b54655f]" name="Aftertest" is-config="true" duration-ms="0" started-at="2018-11-20T12:15:41Z" finished-at="2018-11-20T12:15:41Z">
          <reporter-output>
          </reporter-output>
        </test-method> <!-- Aftertest -->
        <test-method status="SKIP" signature="testLogin(java.util.Hashtable)[pri:0, instance:com.cgg.testcases.LoginTest@6b54655f]" name="testLogin" duration-ms="0" started-at="2018-11-20T12:15:41Z" data-provider="getData" finished-at="2018-11-20T12:15:41Z">
          <params>
            <param index="0">
              <value>
                <![CDATA[{Name=, TC=TC-002, LoginId=D, Password=guest, Runmode=Y, DataFlag=N}]]>
              </value>
            </param>
          </params>
          <reporter-output>
          </reporter-output>
        </test-method> <!-- testLogin -->
        <test-method status="SKIP" signature="Aftertest()[pri:0, instance:com.cgg.testcases.LoginTest@6b54655f]" name="Aftertest" is-config="true" duration-ms="0" started-at="2018-11-20T12:15:41Z" finished-at="2018-11-20T12:15:41Z">
          <reporter-output>
          </reporter-output>
        </test-method> <!-- Aftertest -->
        <test-method status="SKIP" signature="testLogin(java.util.Hashtable)[pri:0, instance:com.cgg.testcases.LoginTest@6b54655f]" name="testLogin" duration-ms="2" started-at="2018-11-20T12:15:41Z" data-provider="getData" finished-at="2018-11-20T12:15:41Z">
          <params>
            <param index="0">
              <value>
                <![CDATA[{Name=, TC=TC-003, LoginId=IF-HYD2, Password=euest, Runmode=Y, DataFlag=N}]]>
              </value>
            </param>
          </params>
          <reporter-output>
          </reporter-output>
        </test-method> <!-- testLogin -->
        <test-method status="SKIP" signature="Aftertest()[pri:0, instance:com.cgg.testcases.LoginTest@6b54655f]" name="Aftertest" is-config="true" duration-ms="0" started-at="2018-11-20T12:15:41Z" finished-at="2018-11-20T12:15:41Z">
          <reporter-output>
          </reporter-output>
        </test-method> <!-- Aftertest -->
        <test-method status="SKIP" signature="testLogin(java.util.Hashtable)[pri:0, instance:com.cgg.testcases.LoginTest@6b54655f]" name="testLogin" duration-ms="1" started-at="2018-11-20T12:15:41Z" data-provider="getData" finished-at="2018-11-20T12:15:41Z">
          <params>
            <param index="0">
              <value>
                <![CDATA[{Name=, TC=TC-004, LoginId=Demo, Password=emo, Runmode=Y, DataFlag=N}]]>
              </value>
            </param>
          </params>
          <reporter-output>
          </reporter-output>
        </test-method> <!-- testLogin -->
        <test-method status="SKIP" signature="Aftertest()[pri:0, instance:com.cgg.testcases.LoginTest@6b54655f]" name="Aftertest" is-config="true" duration-ms="0" started-at="2018-11-20T12:15:41Z" finished-at="2018-11-20T12:15:41Z">
          <reporter-output>
          </reporter-output>
        </test-method> <!-- Aftertest -->
        <test-method status="SKIP" signature="closeBrowser()[pri:0, instance:com.cgg.testcases.LoginTest@6b54655f]" name="closeBrowser" is-config="true" duration-ms="0" started-at="2018-11-20T12:15:42Z" finished-at="2018-11-20T12:15:42Z">
          <reporter-output>
          </reporter-output>
        </test-method> <!-- closeBrowser -->
      </class> <!-- com.cgg.testcases.LoginTest -->
    </test> <!-- Default test -->
  </suite> <!-- Default suite -->
</testng-results>
