<?xml version="1.0" encoding="UTF-8"?>
<testng-results skipped="0" failed="1" total="4" passed="3">
  <reporter-output>
  </reporter-output>
  <suite name="Default suite" duration-ms="186086" started-at="2017-10-23T07:04:27Z" finished-at="2017-10-23T07:07:33Z">
    <groups>
    </groups>
    <test name="Default test" duration-ms="186086" started-at="2017-10-23T07:04:27Z" finished-at="2017-10-23T07:07:33Z">
      <class name="com.cgg.testcases.SWLoginTest">
        <test-method status="PASS" signature="beforetest()[pri:0, instance:com.cgg.testcases.SWLoginTest@74751b3]" name="beforetest" is-config="true" duration-ms="8897" started-at="2017-10-23T12:34:18Z" finished-at="2017-10-23T12:34:27Z">
          <reporter-output>
          </reporter-output>
        </test-method> <!-- beforetest -->
        <test-method status="FAIL" signature="testLogin(java.util.Hashtable)[pri:0, instance:com.cgg.testcases.SWLoginTest@74751b3]" name="testLogin" duration-ms="2498" started-at="2017-10-23T12:34:27Z" data-provider="getData" finished-at="2017-10-23T12:34:30Z">
          <params>
            <param index="0">
              <value>
                <![CDATA[{Name=, TC=TC-001, LoginId=2900-1530-123, Password=guest, Runmode=Y, DataFlag=P}]]>
              </value>
            </param>
          </params>
          <exception class="java.lang.AssertionError">
            <message>
              <![CDATA[unable to logged for valid data]]>
            </message>
            <full-stacktrace>
              <![CDATA[java.lang.AssertionError: unable to logged for valid data
	at org.testng.Assert.fail(Assert.java:94)
	at com.cgg.testcases.TestBase.reportFail(TestBase.java:457)
	at com.cgg.testcases.SWLoginTest.testLogin(SWLoginTest.java:37)
	at sun.reflect.NativeMethodAccessorImpl.invoke0(Native Method)
	at sun.reflect.NativeMethodAccessorImpl.invoke(NativeMethodAccessorImpl.java:62)
	at sun.reflect.DelegatingMethodAccessorImpl.invoke(DelegatingMethodAccessorImpl.java:43)
	at java.lang.reflect.Method.invoke(Method.java:498)
	at org.testng.internal.MethodInvocationHelper.invokeMethod(MethodInvocationHelper.java:86)
	at org.testng.internal.Invoker.invokeMethod(Invoker.java:643)
	at org.testng.internal.Invoker.invokeTestMethod(Invoker.java:820)
	at org.testng.internal.Invoker.invokeTestMethods(Invoker.java:1128)
	at org.testng.internal.TestMethodWorker.invokeTestMethods(TestMethodWorker.java:129)
	at org.testng.internal.TestMethodWorker.run(TestMethodWorker.java:112)
	at org.testng.TestRunner.privateRun(TestRunner.java:782)
	at org.testng.TestRunner.run(TestRunner.java:632)
	at org.testng.SuiteRunner.runTest(SuiteRunner.java:366)
	at org.testng.SuiteRunner.runSequentially(SuiteRunner.java:361)
	at org.testng.SuiteRunner.privateRun(SuiteRunner.java:319)
	at org.testng.SuiteRunner.run(SuiteRunner.java:268)
	at org.testng.SuiteRunnerWorker.runSuite(SuiteRunnerWorker.java:52)
	at org.testng.SuiteRunnerWorker.run(SuiteRunnerWorker.java:86)
	at org.testng.TestNG.runSuitesSequentially(TestNG.java:1244)
	at org.testng.TestNG.runSuitesLocally(TestNG.java:1169)
	at org.testng.TestNG.run(TestNG.java:1064)
	at org.testng.remote.AbstractRemoteTestNG.run(AbstractRemoteTestNG.java:132)
	at org.testng.remote.RemoteTestNG.initAndRun(RemoteTestNG.java:236)
	at org.testng.remote.RemoteTestNG.main(RemoteTestNG.java:81)
]]>
            </full-stacktrace>
          </exception> <!-- java.lang.AssertionError -->
          <reporter-output>
          </reporter-output>
        </test-method> <!-- testLogin -->
        <test-method status="PASS" signature="Aftertest()[pri:0, instance:com.cgg.testcases.SWLoginTest@74751b3]" name="Aftertest" is-config="true" duration-ms="208" started-at="2017-10-23T12:34:30Z" finished-at="2017-10-23T12:34:30Z">
          <reporter-output>
          </reporter-output>
        </test-method> <!-- Aftertest -->
        <test-method status="PASS" signature="testLogin(java.util.Hashtable)[pri:0, instance:com.cgg.testcases.SWLoginTest@74751b3]" name="testLogin" duration-ms="61055" started-at="2017-10-23T12:34:30Z" data-provider="getData" finished-at="2017-10-23T12:35:31Z">
          <params>
            <param index="0">
              <value>
                <![CDATA[{Name=, TC=TC-003, LoginId=D, Password=guest, Runmode=Y, DataFlag=N}]]>
              </value>
            </param>
          </params>
          <reporter-output>
          </reporter-output>
        </test-method> <!-- testLogin -->
        <test-method status="PASS" signature="Aftertest()[pri:0, instance:com.cgg.testcases.SWLoginTest@74751b3]" name="Aftertest" is-config="true" duration-ms="54" started-at="2017-10-23T12:35:31Z" finished-at="2017-10-23T12:35:31Z">
          <reporter-output>
          </reporter-output>
        </test-method> <!-- Aftertest -->
        <test-method status="PASS" signature="testLogin(java.util.Hashtable)[pri:0, instance:com.cgg.testcases.SWLoginTest@74751b3]" name="testLogin" duration-ms="61153" started-at="2017-10-23T12:35:31Z" data-provider="getData" finished-at="2017-10-23T12:36:32Z">
          <params>
            <param index="0">
              <value>
                <![CDATA[{Name=, TC=TC-004, LoginId=2900-1530-123, Password=euest, Runmode=Y, DataFlag=N}]]>
              </value>
            </param>
          </params>
          <reporter-output>
          </reporter-output>
        </test-method> <!-- testLogin -->
        <test-method status="PASS" signature="Aftertest()[pri:0, instance:com.cgg.testcases.SWLoginTest@74751b3]" name="Aftertest" is-config="true" duration-ms="45" started-at="2017-10-23T12:36:32Z" finished-at="2017-10-23T12:36:32Z">
          <reporter-output>
          </reporter-output>
        </test-method> <!-- Aftertest -->
        <test-method status="PASS" signature="testLogin(java.util.Hashtable)[pri:0, instance:com.cgg.testcases.SWLoginTest@74751b3]" name="testLogin" duration-ms="60999" started-at="2017-10-23T12:36:32Z" data-provider="getData" finished-at="2017-10-23T12:37:33Z">
          <params>
            <param index="0">
              <value>
                <![CDATA[{Name=, TC=TC-005, LoginId=Demo, Password=emo, Runmode=Y, DataFlag=N}]]>
              </value>
            </param>
          </params>
          <reporter-output>
          </reporter-output>
        </test-method> <!-- testLogin -->
        <test-method status="PASS" signature="Aftertest()[pri:0, instance:com.cgg.testcases.SWLoginTest@74751b3]" name="Aftertest" is-config="true" duration-ms="44" started-at="2017-10-23T12:37:33Z" finished-at="2017-10-23T12:37:33Z">
          <reporter-output>
          </reporter-output>
        </test-method> <!-- Aftertest -->
        <test-method status="PASS" signature="closeBrowser()[pri:0, instance:com.cgg.testcases.SWLoginTest@74751b3]" name="closeBrowser" is-config="true" duration-ms="1" started-at="2017-10-23T12:37:33Z" finished-at="2017-10-23T12:37:33Z">
          <reporter-output>
          </reporter-output>
        </test-method> <!-- closeBrowser -->
      </class> <!-- com.cgg.testcases.SWLoginTest -->
    </test> <!-- Default test -->
  </suite> <!-- Default suite -->
</testng-results>
