<?xml version="1.0" encoding="UTF-8"?>
<!-- Generated by org.testng.reporters.JUnitXMLReporter -->
<testsuite hostname="Rasheed-cgg" name="TsFact Test" tests="90" failures="11" timestamp="25 Oct 2016 10:13:24 GMT" time="3709.338" errors="0">
  <testcase name="testLogin" time="23.616" classname="com.cgg.testcases.LoginTest"/>
  <testcase name="testLogin" time="2.356" classname="com.cgg.testcases.LoginTest"/>
  <testcase name="testLogin" time="1.911" classname="com.cgg.testcases.LoginTest"/>
  <testcase name="testLogin" time="1.76" classname="com.cgg.testcases.LoginTest"/>
  <testcase name="testLogin" time="1.929" classname="com.cgg.testcases.LoginTest"/>
  <testcase name="testNewRegistration" time="8.863" classname="com.cgg.testcases.NewFactoryRegistrationTest">
    <failure type="java.lang.AssertionError" message="Unable to register  expected [true] but found [false]">
      <![CDATA[java.lang.AssertionError: Unable to register  expected [true] but found [false]
	at com.cgg.testcases.NewFactoryRegistrationTest.testNewRegistration(NewFactoryRegistrationTest.java:52)
... Removed 27 stack frames]]>
    </failure>
  </testcase> <!-- testNewRegistration -->
  <testcase name="testNewRegistration" time="8.525" classname="com.cgg.testcases.NewFactoryRegistrationTest">
    <failure type="java.lang.AssertionError" message="Unable to register  expected [true] but found [false]">
      <![CDATA[java.lang.AssertionError: Unable to register  expected [true] but found [false]
	at com.cgg.testcases.NewFactoryRegistrationTest.testNewRegistration(NewFactoryRegistrationTest.java:52)
... Removed 27 stack frames]]>
    </failure>
  </testcase> <!-- testNewRegistration -->
  <testcase name="testNewRegistration" time="6.435" classname="com.cgg.testcases.NewFactoryRegistrationTest"/>
  <testcase name="testNewRegistration" time="64.701" classname="com.cgg.testcases.NewFactoryRegistrationTest"/>
  <testcase name="testNewRegistration" time="36.171" classname="com.cgg.testcases.NewFactoryRegistrationTest"/>
  <testcase name="testNewRegistration" time="6.331" classname="com.cgg.testcases.NewFactoryRegistrationTest"/>
  <testcase name="testNewRegistration" time="6.258" classname="com.cgg.testcases.NewFactoryRegistrationTest"/>
  <testcase name="testNewRegistration" time="6.317" classname="com.cgg.testcases.NewFactoryRegistrationTest"/>
  <testcase name="testNewRegistration" time="6.143" classname="com.cgg.testcases.NewFactoryRegistrationTest"/>
  <testcase name="planOfApprovalFormFilling" time="20.409" classname="com.cgg.testcases.PlanOfApprovalTest"/>
  <testcase name="planOfApprovalFormFilling" time="80.187" classname="com.cgg.testcases.PlanOfApprovalTest">
    <failure type="org.openqa.selenium.TimeoutException" message="Timed out after 30 seconds waiting for element to be clickable: Proxy element for: DefaultElementLocator &amp;apos;By.xpath: .//*[@id=&amp;apos;factory_name&amp;apos;]&amp;apos;
Build info: version: &amp;apos;2.53.0&amp;apos;, revision: &amp;apos;35ae25b&amp;apos;, time: &amp;apos;2016-03-15 16:57:40&amp;apos;
System info: host: &amp;apos;Rasheed-cgg&amp;apos;, ip: &amp;apos;10.2.24.47&amp;apos;, os.name: &amp;apos;Windows 7&amp;apos;, os.arch: &amp;apos;amd64&amp;apos;, os.version: &amp;apos;6.1&amp;apos;, java.version: &amp;apos;1.8.0_91&amp;apos;
Driver info: org.openqa.selenium.firefox.FirefoxDriver
Capabilities [{applicationCacheEnabled=true, rotatable=false, handlesAlerts=true, databaseEnabled=true, version=43.0.1, platform=WINDOWS, nativeEvents=false, acceptSslCerts=true, webStorageEnabled=true, locationContextEnabled=true, browserName=firefox, takesScreenshot=true, javascriptEnabled=true, cssSelectorsEnabled=true}]
Session ID: 919b6dcc-068e-4392-acd5-65f78a172ac9">
      <![CDATA[org.openqa.selenium.TimeoutException: Timed out after 30 seconds waiting for element to be clickable: Proxy element for: DefaultElementLocator 'By.xpath: .//*[@id='factory_name']'
Build info: version: '2.53.0', revision: '35ae25b', time: '2016-03-15 16:57:40'
System info: host: 'Rasheed-cgg', ip: '10.2.24.47', os.name: 'Windows 7', os.arch: 'amd64', os.version: '6.1', java.version: '1.8.0_91'
Driver info: org.openqa.selenium.firefox.FirefoxDriver
Capabilities [{applicationCacheEnabled=true, rotatable=false, handlesAlerts=true, databaseEnabled=true, version=43.0.1, platform=WINDOWS, nativeEvents=false, acceptSslCerts=true, webStorageEnabled=true, locationContextEnabled=true, browserName=firefox, takesScreenshot=true, javascriptEnabled=true, cssSelectorsEnabled=true}]
Session ID: 919b6dcc-068e-4392-acd5-65f78a172ac9
	at org.openqa.selenium.support.ui.WebDriverWait.timeoutException(WebDriverWait.java:80)
	at org.openqa.selenium.support.ui.FluentWait.until(FluentWait.java:261)
	at com.cgg.util.WaitUtil.waitForElementClickable(WaitUtil.java:33)
	at com.cgg.Pages.PlanOfApprovalappFormPage.isPlanOfApprovalFormPageOpened(PlanOfApprovalappFormPage.java:323)
	at com.cgg.testcases.PlanOfApprovalTest.planOfApprovalFormFilling(PlanOfApprovalTest.java:83)
Caused by: org.openqa.selenium.NoSuchElementException: Unable to locate element: {"method":"xpath","selector":".//*[@id='factory_name']"}
Command duration or timeout: 32.17 seconds
For documentation on this error, please visit: http://seleniumhq.org/exceptions/no_such_element.html
Build info: version: '2.53.0', revision: '35ae25b', time: '2016-03-15 16:57:40'
System info: host: 'Rasheed-cgg', ip: '10.2.24.47', os.name: 'Windows 7', os.arch: 'amd64', os.version: '6.1', java.version: '1.8.0_91'
Driver info: org.openqa.selenium.firefox.FirefoxDriver
Capabilities [{applicationCacheEnabled=true, rotatable=false, handlesAlerts=true, databaseEnabled=true, version=43.0.1, platform=WINDOWS, nativeEvents=false, acceptSslCerts=true, webStorageEnabled=true, locationContextEnabled=true, browserName=firefox, takesScreenshot=true, javascriptEnabled=true, cssSelectorsEnabled=true}]
Session ID: 919b6dcc-068e-4392-acd5-65f78a172ac9
*** Element info: {Using=xpath, value=.//*[@id='factory_name']}
	at org.openqa.selenium.remote.ErrorHandler.createThrowable(ErrorHandler.java:206)
	at org.openqa.selenium.remote.ErrorHandler.throwIfResponseFailed(ErrorHandler.java:158)
	at org.openqa.selenium.remote.RemoteWebDriver.execute(RemoteWebDriver.java:678)
	at org.openqa.selenium.remote.RemoteWebDriver.findElement(RemoteWebDriver.java:363)
	at org.openqa.selenium.remote.RemoteWebDriver.findElementByXPath(RemoteWebDriver.java:500)
	at org.openqa.selenium.By$ByXPath.findElement(By.java:361)
	at org.openqa.selenium.remote.RemoteWebDriver.findElement(RemoteWebDriver.java:355)
	at org.openqa.selenium.support.pagefactory.DefaultElementLocator.findElement(DefaultElementLocator.java:69)
	at org.openqa.selenium.support.pagefactory.internal.LocatingElementHandler.invoke(LocatingElementHandler.java:38)
	at com.sun.proxy.$Proxy8.isDisplayed(Unknown Source)
	at org.openqa.selenium.support.ui.ExpectedConditions.elementIfVisible(ExpectedConditions.java:302)
	at org.openqa.selenium.support.ui.ExpectedConditions.access$1(ExpectedConditions.java:301)
	at org.openqa.selenium.support.ui.ExpectedConditions$10.apply(ExpectedConditions.java:288)
	at org.openqa.selenium.support.ui.ExpectedConditions$10.apply(ExpectedConditions.java:1)
	at org.openqa.selenium.support.ui.ExpectedConditions$23.apply(ExpectedConditions.java:687)
	at org.openqa.selenium.support.ui.ExpectedConditions$23.apply(ExpectedConditions.java:1)
	at org.openqa.selenium.support.ui.FluentWait.until(FluentWait.java:238)
	... 27 more
Caused by: org.openqa.selenium.NoSuchElementException: Unable to locate element: {"method":"xpath","selector":".//*[@id='factory_name']"}
For documentation on this error, please visit: http://seleniumhq.org/exceptions/no_such_element.html
Build info: version: '2.53.0', revision: '35ae25b', time: '2016-03-15 16:57:40'
System info: host: 'Rasheed-cgg', ip: '10.2.24.47', os.name: 'Windows 7', os.arch: 'amd64', os.version: '6.1', java.version: '1.8.0_91'
Driver info: driver.version: unknown
	at <anonymous class>.FirefoxDriver.prototype.findElementInternal_(file:///C:/Users/BRAHMA~1/AppData/Local/Temp/anonymous8576723852093388606webdriver-profile/extensions/fxdriver@googlecode.com/components/driver-component.js:10770)
	at <anonymous class>.fxdriver.Timer.prototype.setTimeout/<.notify(file:///C:/Users/BRAHMA~1/AppData/Local/Temp/anonymous8576723852093388606webdriver-profile/extensions/fxdriver@googlecode.com/components/driver-component.js:625)
... Removed 28 stack frames]]>
    </failure>
  </testcase> <!-- planOfApprovalFormFilling -->
  <testcase name="planOfApprovalFormFilling" time="81.427" classname="com.cgg.testcases.PlanOfApprovalTest">
    <failure type="org.openqa.selenium.TimeoutException" message="Timed out after 30 seconds waiting for element to be clickable: Proxy element for: DefaultElementLocator &amp;apos;By.xpath: .//*[@id=&amp;apos;factory_name&amp;apos;]&amp;apos;
Build info: version: &amp;apos;2.53.0&amp;apos;, revision: &amp;apos;35ae25b&amp;apos;, time: &amp;apos;2016-03-15 16:57:40&amp;apos;
System info: host: &amp;apos;Rasheed-cgg&amp;apos;, ip: &amp;apos;10.2.24.47&amp;apos;, os.name: &amp;apos;Windows 7&amp;apos;, os.arch: &amp;apos;amd64&amp;apos;, os.version: &amp;apos;6.1&amp;apos;, java.version: &amp;apos;1.8.0_91&amp;apos;
Driver info: org.openqa.selenium.firefox.FirefoxDriver
Capabilities [{applicationCacheEnabled=true, rotatable=false, handlesAlerts=true, databaseEnabled=true, version=43.0.1, platform=WINDOWS, nativeEvents=false, acceptSslCerts=true, webStorageEnabled=true, locationContextEnabled=true, browserName=firefox, takesScreenshot=true, javascriptEnabled=true, cssSelectorsEnabled=true}]
Session ID: 919b6dcc-068e-4392-acd5-65f78a172ac9">
      <![CDATA[org.openqa.selenium.TimeoutException: Timed out after 30 seconds waiting for element to be clickable: Proxy element for: DefaultElementLocator 'By.xpath: .//*[@id='factory_name']'
Build info: version: '2.53.0', revision: '35ae25b', time: '2016-03-15 16:57:40'
System info: host: 'Rasheed-cgg', ip: '10.2.24.47', os.name: 'Windows 7', os.arch: 'amd64', os.version: '6.1', java.version: '1.8.0_91'
Driver info: org.openqa.selenium.firefox.FirefoxDriver
Capabilities [{applicationCacheEnabled=true, rotatable=false, handlesAlerts=true, databaseEnabled=true, version=43.0.1, platform=WINDOWS, nativeEvents=false, acceptSslCerts=true, webStorageEnabled=true, locationContextEnabled=true, browserName=firefox, takesScreenshot=true, javascriptEnabled=true, cssSelectorsEnabled=true}]
Session ID: 919b6dcc-068e-4392-acd5-65f78a172ac9
	at org.openqa.selenium.support.ui.WebDriverWait.timeoutException(WebDriverWait.java:80)
	at org.openqa.selenium.support.ui.FluentWait.until(FluentWait.java:261)
	at com.cgg.util.WaitUtil.waitForElementClickable(WaitUtil.java:33)
	at com.cgg.Pages.PlanOfApprovalappFormPage.isPlanOfApprovalFormPageOpened(PlanOfApprovalappFormPage.java:323)
	at com.cgg.testcases.PlanOfApprovalTest.planOfApprovalFormFilling(PlanOfApprovalTest.java:83)
Caused by: org.openqa.selenium.NoSuchElementException: Unable to locate element: {"method":"xpath","selector":".//*[@id='factory_name']"}
Command duration or timeout: 32.31 seconds
For documentation on this error, please visit: http://seleniumhq.org/exceptions/no_such_element.html
Build info: version: '2.53.0', revision: '35ae25b', time: '2016-03-15 16:57:40'
System info: host: 'Rasheed-cgg', ip: '10.2.24.47', os.name: 'Windows 7', os.arch: 'amd64', os.version: '6.1', java.version: '1.8.0_91'
Driver info: org.openqa.selenium.firefox.FirefoxDriver
Capabilities [{applicationCacheEnabled=true, rotatable=false, handlesAlerts=true, databaseEnabled=true, version=43.0.1, platform=WINDOWS, nativeEvents=false, acceptSslCerts=true, webStorageEnabled=true, locationContextEnabled=true, browserName=firefox, takesScreenshot=true, javascriptEnabled=true, cssSelectorsEnabled=true}]
Session ID: 919b6dcc-068e-4392-acd5-65f78a172ac9
*** Element info: {Using=xpath, value=.//*[@id='factory_name']}
	at org.openqa.selenium.remote.ErrorHandler.createThrowable(ErrorHandler.java:206)
	at org.openqa.selenium.remote.ErrorHandler.throwIfResponseFailed(ErrorHandler.java:158)
	at org.openqa.selenium.remote.RemoteWebDriver.execute(RemoteWebDriver.java:678)
	at org.openqa.selenium.remote.RemoteWebDriver.findElement(RemoteWebDriver.java:363)
	at org.openqa.selenium.remote.RemoteWebDriver.findElementByXPath(RemoteWebDriver.java:500)
	at org.openqa.selenium.By$ByXPath.findElement(By.java:361)
	at org.openqa.selenium.remote.RemoteWebDriver.findElement(RemoteWebDriver.java:355)
	at org.openqa.selenium.support.pagefactory.DefaultElementLocator.findElement(DefaultElementLocator.java:69)
	at org.openqa.selenium.support.pagefactory.internal.LocatingElementHandler.invoke(LocatingElementHandler.java:38)
	at com.sun.proxy.$Proxy8.isDisplayed(Unknown Source)
	at org.openqa.selenium.support.ui.ExpectedConditions.elementIfVisible(ExpectedConditions.java:302)
	at org.openqa.selenium.support.ui.ExpectedConditions.access$1(ExpectedConditions.java:301)
	at org.openqa.selenium.support.ui.ExpectedConditions$10.apply(ExpectedConditions.java:288)
	at org.openqa.selenium.support.ui.ExpectedConditions$10.apply(ExpectedConditions.java:1)
	at org.openqa.selenium.support.ui.ExpectedConditions$23.apply(ExpectedConditions.java:687)
	at org.openqa.selenium.support.ui.ExpectedConditions$23.apply(ExpectedConditions.java:1)
	at org.openqa.selenium.support.ui.FluentWait.until(FluentWait.java:238)
	... 27 more
Caused by: org.openqa.selenium.NoSuchElementException: Unable to locate element: {"method":"xpath","selector":".//*[@id='factory_name']"}
For documentation on this error, please visit: http://seleniumhq.org/exceptions/no_such_element.html
Build info: version: '2.53.0', revision: '35ae25b', time: '2016-03-15 16:57:40'
System info: host: 'Rasheed-cgg', ip: '10.2.24.47', os.name: 'Windows 7', os.arch: 'amd64', os.version: '6.1', java.version: '1.8.0_91'
Driver info: driver.version: unknown
	at <anonymous class>.FirefoxDriver.prototype.findElementInternal_(file:///C:/Users/BRAHMA~1/AppData/Local/Temp/anonymous8576723852093388606webdriver-profile/extensions/fxdriver@googlecode.com/components/driver-component.js:10770)
	at <anonymous class>.fxdriver.Timer.prototype.setTimeout/<.notify(file:///C:/Users/BRAHMA~1/AppData/Local/Temp/anonymous8576723852093388606webdriver-profile/extensions/fxdriver@googlecode.com/components/driver-component.js:625)
... Removed 28 stack frames]]>
    </failure>
  </testcase> <!-- planOfApprovalFormFilling -->
  <testcase name="planOfApprovalFormFilling" time="16.56" classname="com.cgg.testcases.PlanOfApprovalTest"/>
  <testcase name="planOfApprovalFormFilling" time="16.86" classname="com.cgg.testcases.PlanOfApprovalTest"/>
  <testcase name="planOfApprovalFormFilling" time="16.146" classname="com.cgg.testcases.PlanOfApprovalTest"/>
  <testcase name="planOfApprovalFormFilling" time="17.195" classname="com.cgg.testcases.PlanOfApprovalTest"/>
  <testcase name="planOfApprovalFormFilling" time="19.04" classname="com.cgg.testcases.PlanOfApprovalTest"/>
  <testcase name="planOfApprovalFormFilling" time="18.455" classname="com.cgg.testcases.PlanOfApprovalTest"/>
  <testcase name="planOfApprovalFormFilling" time="17.865" classname="com.cgg.testcases.PlanOfApprovalTest"/>
  <testcase name="planOfApprovalFormFilling" time="108.107" classname="com.cgg.testcases.PlanOfApprovalTest"/>
  <testcase name="planOfApprovalFormFilling" time="77.817" classname="com.cgg.testcases.PlanOfApprovalTest"/>
  <testcase name="planOfApprovalFormFilling" time="108.693" classname="com.cgg.testcases.PlanOfApprovalTest">
    <failure type="org.openqa.selenium.TimeoutException" message="Timed out after 30 seconds waiting for element to be clickable: Proxy element for: DefaultElementLocator &amp;apos;By.xpath: .//*[@id=&amp;apos;factory_name&amp;apos;]&amp;apos;
Build info: version: &amp;apos;2.53.0&amp;apos;, revision: &amp;apos;35ae25b&amp;apos;, time: &amp;apos;2016-03-15 16:57:40&amp;apos;
System info: host: &amp;apos;Rasheed-cgg&amp;apos;, ip: &amp;apos;10.2.24.47&amp;apos;, os.name: &amp;apos;Windows 7&amp;apos;, os.arch: &amp;apos;amd64&amp;apos;, os.version: &amp;apos;6.1&amp;apos;, java.version: &amp;apos;1.8.0_91&amp;apos;
Driver info: org.openqa.selenium.firefox.FirefoxDriver
Capabilities [{applicationCacheEnabled=true, rotatable=false, handlesAlerts=true, databaseEnabled=true, version=43.0.1, platform=WINDOWS, nativeEvents=false, acceptSslCerts=true, webStorageEnabled=true, locationContextEnabled=true, browserName=firefox, takesScreenshot=true, javascriptEnabled=true, cssSelectorsEnabled=true}]
Session ID: 919b6dcc-068e-4392-acd5-65f78a172ac9">
      <![CDATA[org.openqa.selenium.TimeoutException: Timed out after 30 seconds waiting for element to be clickable: Proxy element for: DefaultElementLocator 'By.xpath: .//*[@id='factory_name']'
Build info: version: '2.53.0', revision: '35ae25b', time: '2016-03-15 16:57:40'
System info: host: 'Rasheed-cgg', ip: '10.2.24.47', os.name: 'Windows 7', os.arch: 'amd64', os.version: '6.1', java.version: '1.8.0_91'
Driver info: org.openqa.selenium.firefox.FirefoxDriver
Capabilities [{applicationCacheEnabled=true, rotatable=false, handlesAlerts=true, databaseEnabled=true, version=43.0.1, platform=WINDOWS, nativeEvents=false, acceptSslCerts=true, webStorageEnabled=true, locationContextEnabled=true, browserName=firefox, takesScreenshot=true, javascriptEnabled=true, cssSelectorsEnabled=true}]
Session ID: 919b6dcc-068e-4392-acd5-65f78a172ac9
	at org.openqa.selenium.support.ui.WebDriverWait.timeoutException(WebDriverWait.java:80)
	at org.openqa.selenium.support.ui.FluentWait.until(FluentWait.java:261)
	at com.cgg.util.WaitUtil.waitForElementClickable(WaitUtil.java:33)
	at com.cgg.Pages.PlanOfApprovalappFormPage.isPlanOfApprovalFormPageOpened(PlanOfApprovalappFormPage.java:323)
	at com.cgg.testcases.PlanOfApprovalTest.planOfApprovalFormFilling(PlanOfApprovalTest.java:83)
Caused by: org.openqa.selenium.NoSuchElementException: Unable to locate element: {"method":"xpath","selector":".//*[@id='factory_name']"}
Command duration or timeout: 30.90 seconds
For documentation on this error, please visit: http://seleniumhq.org/exceptions/no_such_element.html
Build info: version: '2.53.0', revision: '35ae25b', time: '2016-03-15 16:57:40'
System info: host: 'Rasheed-cgg', ip: '10.2.24.47', os.name: 'Windows 7', os.arch: 'amd64', os.version: '6.1', java.version: '1.8.0_91'
Driver info: org.openqa.selenium.firefox.FirefoxDriver
Capabilities [{applicationCacheEnabled=true, rotatable=false, handlesAlerts=true, databaseEnabled=true, version=43.0.1, platform=WINDOWS, nativeEvents=false, acceptSslCerts=true, webStorageEnabled=true, locationContextEnabled=true, browserName=firefox, takesScreenshot=true, javascriptEnabled=true, cssSelectorsEnabled=true}]
Session ID: 919b6dcc-068e-4392-acd5-65f78a172ac9
*** Element info: {Using=xpath, value=.//*[@id='factory_name']}
	at org.openqa.selenium.remote.ErrorHandler.createThrowable(ErrorHandler.java:206)
	at org.openqa.selenium.remote.ErrorHandler.throwIfResponseFailed(ErrorHandler.java:158)
	at org.openqa.selenium.remote.RemoteWebDriver.execute(RemoteWebDriver.java:678)
	at org.openqa.selenium.remote.RemoteWebDriver.findElement(RemoteWebDriver.java:363)
	at org.openqa.selenium.remote.RemoteWebDriver.findElementByXPath(RemoteWebDriver.java:500)
	at org.openqa.selenium.By$ByXPath.findElement(By.java:361)
	at org.openqa.selenium.remote.RemoteWebDriver.findElement(RemoteWebDriver.java:355)
	at org.openqa.selenium.support.pagefactory.DefaultElementLocator.findElement(DefaultElementLocator.java:69)
	at org.openqa.selenium.support.pagefactory.internal.LocatingElementHandler.invoke(LocatingElementHandler.java:38)
	at com.sun.proxy.$Proxy8.isDisplayed(Unknown Source)
	at org.openqa.selenium.support.ui.ExpectedConditions.elementIfVisible(ExpectedConditions.java:302)
	at org.openqa.selenium.support.ui.ExpectedConditions.access$1(ExpectedConditions.java:301)
	at org.openqa.selenium.support.ui.ExpectedConditions$10.apply(ExpectedConditions.java:288)
	at org.openqa.selenium.support.ui.ExpectedConditions$10.apply(ExpectedConditions.java:1)
	at org.openqa.selenium.support.ui.ExpectedConditions$23.apply(ExpectedConditions.java:687)
	at org.openqa.selenium.support.ui.ExpectedConditions$23.apply(ExpectedConditions.java:1)
	at org.openqa.selenium.support.ui.FluentWait.until(FluentWait.java:238)
	... 27 more
Caused by: org.openqa.selenium.NoSuchElementException: Unable to locate element: {"method":"xpath","selector":".//*[@id='factory_name']"}
For documentation on this error, please visit: http://seleniumhq.org/exceptions/no_such_element.html
Build info: version: '2.53.0', revision: '35ae25b', time: '2016-03-15 16:57:40'
System info: host: 'Rasheed-cgg', ip: '10.2.24.47', os.name: 'Windows 7', os.arch: 'amd64', os.version: '6.1', java.version: '1.8.0_91'
Driver info: driver.version: unknown
	at <anonymous class>.FirefoxDriver.prototype.findElementInternal_(file:///C:/Users/BRAHMA~1/AppData/Local/Temp/anonymous8576723852093388606webdriver-profile/extensions/fxdriver@googlecode.com/components/driver-component.js:10770)
	at <anonymous class>.fxdriver.Timer.prototype.setTimeout/<.notify(file:///C:/Users/BRAHMA~1/AppData/Local/Temp/anonymous8576723852093388606webdriver-profile/extensions/fxdriver@googlecode.com/components/driver-component.js:625)
... Removed 28 stack frames]]>
    </failure>
  </testcase> <!-- planOfApprovalFormFilling -->
  <testcase name="planOfApprovalFormFilling" time="18.699" classname="com.cgg.testcases.PlanOfApprovalTest"/>
  <testcase name="planOfApprovalFormFilling" time="18.243" classname="com.cgg.testcases.PlanOfApprovalTest"/>
  <testcase name="planOfApprovalFormFilling" time="18.579" classname="com.cgg.testcases.PlanOfApprovalTest"/>
  <testcase name="planOfApprovalFormFilling" time="18.096" classname="com.cgg.testcases.PlanOfApprovalTest"/>
  <testcase name="planOfApprovalFormFilling" time="19.088" classname="com.cgg.testcases.PlanOfApprovalTest"/>
  <testcase name="planOfApprovalFormFilling" time="18.467" classname="com.cgg.testcases.PlanOfApprovalTest"/>
  <testcase name="planOfApprovalFormFilling" time="18.671" classname="com.cgg.testcases.PlanOfApprovalTest"/>
  <testcase name="planOfApprovalFormFilling" time="18.156" classname="com.cgg.testcases.PlanOfApprovalTest"/>
  <testcase name="planOfApprovalFormFilling" time="18.342" classname="com.cgg.testcases.PlanOfApprovalTest"/>
  <testcase name="planOfApprovalFormFilling" time="17.954" classname="com.cgg.testcases.PlanOfApprovalTest"/>
  <testcase name="planOfApprovalFormFilling" time="18.591" classname="com.cgg.testcases.PlanOfApprovalTest"/>
  <testcase name="f" time="37.531" classname="com.cgg.testcases.RegGrantOfLicenceTest"/>
  <testcase name="f" time="64.356" classname="com.cgg.testcases.RegGrantOfLicenceTest">
    <failure type="org.openqa.selenium.TimeoutException" message="Timed out after 30 seconds waiting for element to be clickable: [[FirefoxDriver: firefox on WINDOWS (919b6dcc-068e-4392-acd5-65f78a172ac9)] -&amp;gt; xpath: html/body/div[1]/div[2]/center/div/div[3]/form/table[2]/tbody/tr[4]/td/table/tbody/tr[1]/td/input]
Build info: version: &amp;apos;2.53.0&amp;apos;, revision: &amp;apos;35ae25b&amp;apos;, time: &amp;apos;2016-03-15 16:57:40&amp;apos;
System info: host: &amp;apos;Rasheed-cgg&amp;apos;, ip: &amp;apos;10.2.24.47&amp;apos;, os.name: &amp;apos;Windows 7&amp;apos;, os.arch: &amp;apos;amd64&amp;apos;, os.version: &amp;apos;6.1&amp;apos;, java.version: &amp;apos;1.8.0_91&amp;apos;
Driver info: org.openqa.selenium.firefox.FirefoxDriver
Capabilities [{applicationCacheEnabled=true, rotatable=false, handlesAlerts=true, databaseEnabled=true, version=43.0.1, platform=WINDOWS, nativeEvents=false, acceptSslCerts=true, webStorageEnabled=true, locationContextEnabled=true, browserName=firefox, takesScreenshot=true, javascriptEnabled=true, cssSelectorsEnabled=true}]
Session ID: 919b6dcc-068e-4392-acd5-65f78a172ac9">
      <![CDATA[org.openqa.selenium.TimeoutException: Timed out after 30 seconds waiting for element to be clickable: [[FirefoxDriver: firefox on WINDOWS (919b6dcc-068e-4392-acd5-65f78a172ac9)] -> xpath: html/body/div[1]/div[2]/center/div/div[3]/form/table[2]/tbody/tr[4]/td/table/tbody/tr[1]/td/input]
Build info: version: '2.53.0', revision: '35ae25b', time: '2016-03-15 16:57:40'
System info: host: 'Rasheed-cgg', ip: '10.2.24.47', os.name: 'Windows 7', os.arch: 'amd64', os.version: '6.1', java.version: '1.8.0_91'
Driver info: org.openqa.selenium.firefox.FirefoxDriver
Capabilities [{applicationCacheEnabled=true, rotatable=false, handlesAlerts=true, databaseEnabled=true, version=43.0.1, platform=WINDOWS, nativeEvents=false, acceptSslCerts=true, webStorageEnabled=true, locationContextEnabled=true, browserName=firefox, takesScreenshot=true, javascriptEnabled=true, cssSelectorsEnabled=true}]
Session ID: 919b6dcc-068e-4392-acd5-65f78a172ac9
	at org.openqa.selenium.support.ui.WebDriverWait.timeoutException(WebDriverWait.java:80)
	at org.openqa.selenium.support.ui.FluentWait.until(FluentWait.java:261)
	at com.cgg.util.WaitUtil.waitForElementClickable(WaitUtil.java:33)
	at com.cgg.Pages.RegGrantOf_Licence_AppForm.isRegistrationFormPageOpened(RegGrantOf_Licence_AppForm.java:700)
	at com.cgg.testcases.RegGrantOfLicenceTest.f(RegGrantOfLicenceTest.java:149)
... Removed 24 stack frames]]>
    </failure>
  </testcase> <!-- f -->
  <testcase name="f" time="29.973" classname="com.cgg.testcases.RegGrantOfLicenceTest"/>
  <testcase name="f" time="29.85" classname="com.cgg.testcases.RegGrantOfLicenceTest"/>
  <testcase name="f" time="64.683" classname="com.cgg.testcases.RegGrantOfLicenceTest">
    <failure type="org.openqa.selenium.TimeoutException" message="Timed out after 30 seconds waiting for element to be clickable: [[FirefoxDriver: firefox on WINDOWS (919b6dcc-068e-4392-acd5-65f78a172ac9)] -&amp;gt; xpath: html/body/div[1]/div[2]/center/div/div[3]/form/table[2]/tbody/tr[4]/td/table/tbody/tr[1]/td/input]
Build info: version: &amp;apos;2.53.0&amp;apos;, revision: &amp;apos;35ae25b&amp;apos;, time: &amp;apos;2016-03-15 16:57:40&amp;apos;
System info: host: &amp;apos;Rasheed-cgg&amp;apos;, ip: &amp;apos;10.2.24.47&amp;apos;, os.name: &amp;apos;Windows 7&amp;apos;, os.arch: &amp;apos;amd64&amp;apos;, os.version: &amp;apos;6.1&amp;apos;, java.version: &amp;apos;1.8.0_91&amp;apos;
Driver info: org.openqa.selenium.firefox.FirefoxDriver
Capabilities [{applicationCacheEnabled=true, rotatable=false, handlesAlerts=true, databaseEnabled=true, version=43.0.1, platform=WINDOWS, nativeEvents=false, acceptSslCerts=true, webStorageEnabled=true, locationContextEnabled=true, browserName=firefox, takesScreenshot=true, javascriptEnabled=true, cssSelectorsEnabled=true}]
Session ID: 919b6dcc-068e-4392-acd5-65f78a172ac9">
      <![CDATA[org.openqa.selenium.TimeoutException: Timed out after 30 seconds waiting for element to be clickable: [[FirefoxDriver: firefox on WINDOWS (919b6dcc-068e-4392-acd5-65f78a172ac9)] -> xpath: html/body/div[1]/div[2]/center/div/div[3]/form/table[2]/tbody/tr[4]/td/table/tbody/tr[1]/td/input]
Build info: version: '2.53.0', revision: '35ae25b', time: '2016-03-15 16:57:40'
System info: host: 'Rasheed-cgg', ip: '10.2.24.47', os.name: 'Windows 7', os.arch: 'amd64', os.version: '6.1', java.version: '1.8.0_91'
Driver info: org.openqa.selenium.firefox.FirefoxDriver
Capabilities [{applicationCacheEnabled=true, rotatable=false, handlesAlerts=true, databaseEnabled=true, version=43.0.1, platform=WINDOWS, nativeEvents=false, acceptSslCerts=true, webStorageEnabled=true, locationContextEnabled=true, browserName=firefox, takesScreenshot=true, javascriptEnabled=true, cssSelectorsEnabled=true}]
Session ID: 919b6dcc-068e-4392-acd5-65f78a172ac9
	at org.openqa.selenium.support.ui.WebDriverWait.timeoutException(WebDriverWait.java:80)
	at org.openqa.selenium.support.ui.FluentWait.until(FluentWait.java:261)
	at com.cgg.util.WaitUtil.waitForElementClickable(WaitUtil.java:33)
	at com.cgg.Pages.RegGrantOf_Licence_AppForm.isRegistrationFormPageOpened(RegGrantOf_Licence_AppForm.java:700)
	at com.cgg.testcases.RegGrantOfLicenceTest.f(RegGrantOfLicenceTest.java:149)
... Removed 24 stack frames]]>
    </failure>
  </testcase> <!-- f -->
  <testcase name="f" time="29.528" classname="com.cgg.testcases.RegGrantOfLicenceTest"/>
  <testcase name="f" time="30.068" classname="com.cgg.testcases.RegGrantOfLicenceTest"/>
  <testcase name="f" time="64.638" classname="com.cgg.testcases.RegGrantOfLicenceTest">
    <failure type="org.openqa.selenium.TimeoutException" message="Timed out after 30 seconds waiting for element to be clickable: [[FirefoxDriver: firefox on WINDOWS (919b6dcc-068e-4392-acd5-65f78a172ac9)] -&amp;gt; xpath: html/body/div[1]/div[2]/center/div/div[3]/form/table[2]/tbody/tr[4]/td/table/tbody/tr[1]/td/input]
Build info: version: &amp;apos;2.53.0&amp;apos;, revision: &amp;apos;35ae25b&amp;apos;, time: &amp;apos;2016-03-15 16:57:40&amp;apos;
System info: host: &amp;apos;Rasheed-cgg&amp;apos;, ip: &amp;apos;10.2.24.47&amp;apos;, os.name: &amp;apos;Windows 7&amp;apos;, os.arch: &amp;apos;amd64&amp;apos;, os.version: &amp;apos;6.1&amp;apos;, java.version: &amp;apos;1.8.0_91&amp;apos;
Driver info: org.openqa.selenium.firefox.FirefoxDriver
Capabilities [{applicationCacheEnabled=true, rotatable=false, handlesAlerts=true, databaseEnabled=true, version=43.0.1, platform=WINDOWS, nativeEvents=false, acceptSslCerts=true, webStorageEnabled=true, locationContextEnabled=true, browserName=firefox, takesScreenshot=true, javascriptEnabled=true, cssSelectorsEnabled=true}]
Session ID: 919b6dcc-068e-4392-acd5-65f78a172ac9">
      <![CDATA[org.openqa.selenium.TimeoutException: Timed out after 30 seconds waiting for element to be clickable: [[FirefoxDriver: firefox on WINDOWS (919b6dcc-068e-4392-acd5-65f78a172ac9)] -> xpath: html/body/div[1]/div[2]/center/div/div[3]/form/table[2]/tbody/tr[4]/td/table/tbody/tr[1]/td/input]
Build info: version: '2.53.0', revision: '35ae25b', time: '2016-03-15 16:57:40'
System info: host: 'Rasheed-cgg', ip: '10.2.24.47', os.name: 'Windows 7', os.arch: 'amd64', os.version: '6.1', java.version: '1.8.0_91'
Driver info: org.openqa.selenium.firefox.FirefoxDriver
Capabilities [{applicationCacheEnabled=true, rotatable=false, handlesAlerts=true, databaseEnabled=true, version=43.0.1, platform=WINDOWS, nativeEvents=false, acceptSslCerts=true, webStorageEnabled=true, locationContextEnabled=true, browserName=firefox, takesScreenshot=true, javascriptEnabled=true, cssSelectorsEnabled=true}]
Session ID: 919b6dcc-068e-4392-acd5-65f78a172ac9
	at org.openqa.selenium.support.ui.WebDriverWait.timeoutException(WebDriverWait.java:80)
	at org.openqa.selenium.support.ui.FluentWait.until(FluentWait.java:261)
	at com.cgg.util.WaitUtil.waitForElementClickable(WaitUtil.java:33)
	at com.cgg.Pages.RegGrantOf_Licence_AppForm.isRegistrationFormPageOpened(RegGrantOf_Licence_AppForm.java:700)
	at com.cgg.testcases.RegGrantOfLicenceTest.f(RegGrantOfLicenceTest.java:149)
... Removed 24 stack frames]]>
    </failure>
  </testcase> <!-- f -->
  <testcase name="f" time="30.112" classname="com.cgg.testcases.RegGrantOfLicenceTest"/>
  <testcase name="f" time="30.189" classname="com.cgg.testcases.RegGrantOfLicenceTest"/>
  <testcase name="f" time="64.387" classname="com.cgg.testcases.RegGrantOfLicenceTest">
    <failure type="org.openqa.selenium.TimeoutException" message="Timed out after 30 seconds waiting for element to be clickable: [[FirefoxDriver: firefox on WINDOWS (919b6dcc-068e-4392-acd5-65f78a172ac9)] -&amp;gt; xpath: html/body/div[1]/div[2]/center/div/div[3]/form/table[2]/tbody/tr[4]/td/table/tbody/tr[1]/td/input]
Build info: version: &amp;apos;2.53.0&amp;apos;, revision: &amp;apos;35ae25b&amp;apos;, time: &amp;apos;2016-03-15 16:57:40&amp;apos;
System info: host: &amp;apos;Rasheed-cgg&amp;apos;, ip: &amp;apos;10.2.24.47&amp;apos;, os.name: &amp;apos;Windows 7&amp;apos;, os.arch: &amp;apos;amd64&amp;apos;, os.version: &amp;apos;6.1&amp;apos;, java.version: &amp;apos;1.8.0_91&amp;apos;
Driver info: org.openqa.selenium.firefox.FirefoxDriver
Capabilities [{applicationCacheEnabled=true, rotatable=false, handlesAlerts=true, databaseEnabled=true, version=43.0.1, platform=WINDOWS, nativeEvents=false, acceptSslCerts=true, webStorageEnabled=true, locationContextEnabled=true, browserName=firefox, takesScreenshot=true, javascriptEnabled=true, cssSelectorsEnabled=true}]
Session ID: 919b6dcc-068e-4392-acd5-65f78a172ac9">
      <![CDATA[org.openqa.selenium.TimeoutException: Timed out after 30 seconds waiting for element to be clickable: [[FirefoxDriver: firefox on WINDOWS (919b6dcc-068e-4392-acd5-65f78a172ac9)] -> xpath: html/body/div[1]/div[2]/center/div/div[3]/form/table[2]/tbody/tr[4]/td/table/tbody/tr[1]/td/input]
Build info: version: '2.53.0', revision: '35ae25b', time: '2016-03-15 16:57:40'
System info: host: 'Rasheed-cgg', ip: '10.2.24.47', os.name: 'Windows 7', os.arch: 'amd64', os.version: '6.1', java.version: '1.8.0_91'
Driver info: org.openqa.selenium.firefox.FirefoxDriver
Capabilities [{applicationCacheEnabled=true, rotatable=false, handlesAlerts=true, databaseEnabled=true, version=43.0.1, platform=WINDOWS, nativeEvents=false, acceptSslCerts=true, webStorageEnabled=true, locationContextEnabled=true, browserName=firefox, takesScreenshot=true, javascriptEnabled=true, cssSelectorsEnabled=true}]
Session ID: 919b6dcc-068e-4392-acd5-65f78a172ac9
	at org.openqa.selenium.support.ui.WebDriverWait.timeoutException(WebDriverWait.java:80)
	at org.openqa.selenium.support.ui.FluentWait.until(FluentWait.java:261)
	at com.cgg.util.WaitUtil.waitForElementClickable(WaitUtil.java:33)
	at com.cgg.Pages.RegGrantOf_Licence_AppForm.isRegistrationFormPageOpened(RegGrantOf_Licence_AppForm.java:700)
	at com.cgg.testcases.RegGrantOfLicenceTest.f(RegGrantOfLicenceTest.java:149)
... Removed 24 stack frames]]>
    </failure>
  </testcase> <!-- f -->
  <testcase name="f" time="32.21" classname="com.cgg.testcases.RegGrantOfLicenceTest"/>
  <testcase name="f" time="31.516" classname="com.cgg.testcases.RegGrantOfLicenceTest"/>
  <testcase name="f" time="33.466" classname="com.cgg.testcases.RegGrantOfLicenceTest"/>
  <testcase name="f" time="122.954" classname="com.cgg.testcases.RegGrantOfLicenceTest"/>
  <testcase name="f" time="92.088" classname="com.cgg.testcases.RegGrantOfLicenceTest"/>
  <testcase name="f" time="61.184" classname="com.cgg.testcases.RegGrantOfLicenceTest"/>
  <testcase name="f" time="32.772" classname="com.cgg.testcases.RegGrantOfLicenceTest"/>
  <testcase name="f" time="32.409" classname="com.cgg.testcases.RegGrantOfLicenceTest"/>
  <testcase name="f" time="31.66" classname="com.cgg.testcases.RegGrantOfLicenceTest"/>
  <testcase name="f" time="64.194" classname="com.cgg.testcases.RegGrantOfLicenceTest">
    <failure type="org.openqa.selenium.TimeoutException" message="Timed out after 30 seconds waiting for element to be clickable: [[FirefoxDriver: firefox on WINDOWS (919b6dcc-068e-4392-acd5-65f78a172ac9)] -&amp;gt; xpath: html/body/div[1]/div[2]/center/div/div[3]/form/table[2]/tbody/tr[4]/td/table/tbody/tr[1]/td/input]
Build info: version: &amp;apos;2.53.0&amp;apos;, revision: &amp;apos;35ae25b&amp;apos;, time: &amp;apos;2016-03-15 16:57:40&amp;apos;
System info: host: &amp;apos;Rasheed-cgg&amp;apos;, ip: &amp;apos;10.2.24.47&amp;apos;, os.name: &amp;apos;Windows 7&amp;apos;, os.arch: &amp;apos;amd64&amp;apos;, os.version: &amp;apos;6.1&amp;apos;, java.version: &amp;apos;1.8.0_91&amp;apos;
Driver info: org.openqa.selenium.firefox.FirefoxDriver
Capabilities [{applicationCacheEnabled=true, rotatable=false, handlesAlerts=true, databaseEnabled=true, version=43.0.1, platform=WINDOWS, nativeEvents=false, acceptSslCerts=true, webStorageEnabled=true, locationContextEnabled=true, browserName=firefox, takesScreenshot=true, javascriptEnabled=true, cssSelectorsEnabled=true}]
Session ID: 919b6dcc-068e-4392-acd5-65f78a172ac9">
      <![CDATA[org.openqa.selenium.TimeoutException: Timed out after 30 seconds waiting for element to be clickable: [[FirefoxDriver: firefox on WINDOWS (919b6dcc-068e-4392-acd5-65f78a172ac9)] -> xpath: html/body/div[1]/div[2]/center/div/div[3]/form/table[2]/tbody/tr[4]/td/table/tbody/tr[1]/td/input]
Build info: version: '2.53.0', revision: '35ae25b', time: '2016-03-15 16:57:40'
System info: host: 'Rasheed-cgg', ip: '10.2.24.47', os.name: 'Windows 7', os.arch: 'amd64', os.version: '6.1', java.version: '1.8.0_91'
Driver info: org.openqa.selenium.firefox.FirefoxDriver
Capabilities [{applicationCacheEnabled=true, rotatable=false, handlesAlerts=true, databaseEnabled=true, version=43.0.1, platform=WINDOWS, nativeEvents=false, acceptSslCerts=true, webStorageEnabled=true, locationContextEnabled=true, browserName=firefox, takesScreenshot=true, javascriptEnabled=true, cssSelectorsEnabled=true}]
Session ID: 919b6dcc-068e-4392-acd5-65f78a172ac9
	at org.openqa.selenium.support.ui.WebDriverWait.timeoutException(WebDriverWait.java:80)
	at org.openqa.selenium.support.ui.FluentWait.until(FluentWait.java:261)
	at com.cgg.util.WaitUtil.waitForElementClickable(WaitUtil.java:33)
	at com.cgg.Pages.RegGrantOf_Licence_AppForm.isRegistrationFormPageOpened(RegGrantOf_Licence_AppForm.java:700)
	at com.cgg.testcases.RegGrantOfLicenceTest.f(RegGrantOfLicenceTest.java:149)
... Removed 23 stack frames]]>
    </failure>
  </testcase> <!-- f -->
  <testcase name="f" time="59.096" classname="com.cgg.testcases.RegGrantOfLicenceTest"/>
  <testcase name="f" time="29.645" classname="com.cgg.testcases.RegGrantOfLicenceTest"/>
  <testcase name="f" time="121.539" classname="com.cgg.testcases.RegGrantOfLicenceTest"/>
  <testcase name="f" time="91.813" classname="com.cgg.testcases.RegGrantOfLicenceTest"/>
  <testcase name="f" time="31.462" classname="com.cgg.testcases.RegGrantOfLicenceTest"/>
  <testcase name="f" time="32.158" classname="com.cgg.testcases.RegGrantOfLicenceTest"/>
  <testcase name="f" time="31.786" classname="com.cgg.testcases.RegGrantOfLicenceTest"/>
  <testcase name="f" time="123.772" classname="com.cgg.testcases.RegGrantOfLicenceTest"/>
  <testcase name="f" time="91.262" classname="com.cgg.testcases.RegGrantOfLicenceTest"/>
  <testcase name="f" time="61.5" classname="com.cgg.testcases.RegGrantOfLicenceTest"/>
  <testcase name="f" time="31.989" classname="com.cgg.testcases.RegGrantOfLicenceTest"/>
  <testcase name="f" time="31.773" classname="com.cgg.testcases.RegGrantOfLicenceTest"/>
  <testcase name="f" time="31.964" classname="com.cgg.testcases.RegGrantOfLicenceTest"/>
  <testcase name="f" time="33.991" classname="com.cgg.testcases.RegGrantOfLicenceTest"/>
  <testcase name="f" time="34.386" classname="com.cgg.testcases.RegGrantOfLicenceTest"/>
  <testcase name="f" time="33.428" classname="com.cgg.testcases.RegGrantOfLicenceTest"/>
  <testcase name="f" time="121.339" classname="com.cgg.testcases.RegGrantOfLicenceTest"/>
  <testcase name="f" time="91.968" classname="com.cgg.testcases.RegGrantOfLicenceTest"/>
  <testcase name="f" time="62.907" classname="com.cgg.testcases.RegGrantOfLicenceTest"/>
  <testcase name="f" time="32.429" classname="com.cgg.testcases.RegGrantOfLicenceTest"/>
  <testcase name="f" time="32.7" classname="com.cgg.testcases.RegGrantOfLicenceTest"/>
  <testcase name="f" time="31.944" classname="com.cgg.testcases.RegGrantOfLicenceTest"/>
  <testcase name="f" time="31.923" classname="com.cgg.testcases.RegGrantOfLicenceTest"/>
  <testcase name="f" time="32.414" classname="com.cgg.testcases.RegGrantOfLicenceTest"/>
  <testcase name="f" time="32.459" classname="com.cgg.testcases.RegGrantOfLicenceTest"/>
  <testcase name="f" time="33.92" classname="com.cgg.testcases.RegGrantOfLicenceTest"/>
  <testcase name="f" time="121.584" classname="com.cgg.testcases.RegGrantOfLicenceTest"/>
  <testcase name="f" time="62.345" classname="com.cgg.testcases.RegGrantOfLicenceTest"/>
  <testcase name="f" time="32.605" classname="com.cgg.testcases.RegGrantOfLicenceTest"/>
  <testcase name="f" time="62.067" classname="com.cgg.testcases.RegGrantOfLicenceTest"/>
  <testcase name="f" time="62.208" classname="com.cgg.testcases.RegGrantOfLicenceTest">
    <failure type="org.openqa.selenium.ElementNotVisibleException" message="Element is not currently visible and so may not be interacted with
Command duration or timeout: 30.10 seconds
Build info: version: &amp;apos;2.53.0&amp;apos;, revision: &amp;apos;35ae25b&amp;apos;, time: &amp;apos;2016-03-15 16:57:40&amp;apos;
System info: host: &amp;apos;Rasheed-cgg&amp;apos;, ip: &amp;apos;10.2.24.47&amp;apos;, os.name: &amp;apos;Windows 7&amp;apos;, os.arch: &amp;apos;amd64&amp;apos;, os.version: &amp;apos;6.1&amp;apos;, java.version: &amp;apos;1.8.0_91&amp;apos;
Driver info: org.openqa.selenium.firefox.FirefoxDriver
Capabilities [{applicationCacheEnabled=true, rotatable=false, handlesAlerts=true, databaseEnabled=true, version=43.0.1, platform=WINDOWS, nativeEvents=false, acceptSslCerts=true, webStorageEnabled=true, locationContextEnabled=true, browserName=firefox, takesScreenshot=true, javascriptEnabled=true, cssSelectorsEnabled=true}]
Session ID: 919b6dcc-068e-4392-acd5-65f78a172ac9">
      <![CDATA[org.openqa.selenium.ElementNotVisibleException: Element is not currently visible and so may not be interacted with
Command duration or timeout: 30.10 seconds
Build info: version: '2.53.0', revision: '35ae25b', time: '2016-03-15 16:57:40'
System info: host: 'Rasheed-cgg', ip: '10.2.24.47', os.name: 'Windows 7', os.arch: 'amd64', os.version: '6.1', java.version: '1.8.0_91'
Driver info: org.openqa.selenium.firefox.FirefoxDriver
Capabilities [{applicationCacheEnabled=true, rotatable=false, handlesAlerts=true, databaseEnabled=true, version=43.0.1, platform=WINDOWS, nativeEvents=false, acceptSslCerts=true, webStorageEnabled=true, locationContextEnabled=true, browserName=firefox, takesScreenshot=true, javascriptEnabled=true, cssSelectorsEnabled=true}]
Session ID: 919b6dcc-068e-4392-acd5-65f78a172ac9
	at org.openqa.selenium.remote.ErrorHandler.createThrowable(ErrorHandler.java:206)
	at org.openqa.selenium.remote.ErrorHandler.throwIfResponseFailed(ErrorHandler.java:158)
	at org.openqa.selenium.remote.RemoteWebDriver.execute(RemoteWebDriver.java:678)
	at org.openqa.selenium.remote.RemoteWebElement.execute(RemoteWebElement.java:327)
	at org.openqa.selenium.remote.RemoteWebElement.sendKeys(RemoteWebElement.java:122)
	at org.openqa.selenium.support.pagefactory.internal.LocatingElementHandler.invoke(LocatingElementHandler.java:51)
	at com.sun.proxy.$Proxy8.sendKeys(Unknown Source)
	at com.cgg.Pages.RegGrantOf_Licence_AppForm.browseProposedInventoriesOfChemicls(RegGrantOf_Licence_AppForm.java:621)
	at com.cgg.testcases.RegGrantOfLicenceTest.f(RegGrantOfLicenceTest.java:125)
Caused by: org.openqa.selenium.ElementNotVisibleException: Element is not currently visible and so may not be interacted with
Build info: version: '2.53.0', revision: '35ae25b', time: '2016-03-15 16:57:40'
System info: host: 'Rasheed-cgg', ip: '10.2.24.47', os.name: 'Windows 7', os.arch: 'amd64', os.version: '6.1', java.version: '1.8.0_91'
Driver info: driver.version: unknown
	at <anonymous class>.fxdriver.preconditions.visible(file:///C:/Users/BRAHMA~1/AppData/Local/Temp/anonymous8576723852093388606webdriver-profile/extensions/fxdriver@googlecode.com/components/command-processor.js:10092)
	at <anonymous class>.DelayedCommand.prototype.checkPreconditions_(file:///C:/Users/BRAHMA~1/AppData/Local/Temp/anonymous8576723852093388606webdriver-profile/extensions/fxdriver@googlecode.com/components/command-processor.js:12644)
	at <anonymous class>.DelayedCommand.prototype.executeInternal_/h(file:///C:/Users/BRAHMA~1/AppData/Local/Temp/anonymous8576723852093388606webdriver-profile/extensions/fxdriver@googlecode.com/components/command-processor.js:12661)
	at <anonymous class>.fxdriver.Timer.prototype.setTimeout/<.notify(file:///C:/Users/BRAHMA~1/AppData/Local/Temp/anonymous8576723852093388606webdriver-profile/extensions/fxdriver@googlecode.com/components/command-processor.js:625)
... Removed 30 stack frames]]>
    </failure>
  </testcase> <!-- f -->
</testsuite> <!-- TsFact Test -->
