<?xml version="1.0" encoding="UTF-8"?>
<!-- Generated by org.testng.reporters.JUnitReportReporter -->
<testsuite hostname="Rasheed-cgg" name="com.cgg.testcases.PlanOfAppTest" tests="42" failures="6" timestamp="23 Dec 2016 09:05:45 GMT" time="1529.503" errors="0">
  <testcase name="planOfApprovalFormFilling" time="22.741" classname="com.cgg.testcases.PlanOfAppTest"/>
  <testcase name="planOfApprovalFormFilling" time="23.345" classname="com.cgg.testcases.PlanOfAppTest"/>
  <testcase name="planOfApprovalFormFilling" time="23.171" classname="com.cgg.testcases.PlanOfAppTest"/>
  <testcase name="planOfApprovalFormFilling" time="21.097" classname="com.cgg.testcases.PlanOfAppTest"/>
  <testcase name="planOfApprovalFormFilling" time="23.311" classname="com.cgg.testcases.PlanOfAppTest"/>
  <testcase name="planOfApprovalFormFilling" time="23.457" classname="com.cgg.testcases.PlanOfAppTest"/>
  <testcase name="planOfApprovalFormFilling" time="85.077" classname="com.cgg.testcases.PlanOfAppTest">
    <failure type="java.lang.AssertionError" message="Navigating Payment Page expected [true] but found [false]">
      <![CDATA[java.lang.AssertionError: Navigating Payment Page expected [true] but found [false]
	at org.testng.Assert.fail(Assert.java:94)
	at org.testng.Assert.failNotEquals(Assert.java:496)
	at org.testng.Assert.assertTrue(Assert.java:42)
	at com.cgg.testcases.PlanOfAppTest.planOfApprovalFormFilling(PlanOfAppTest.java:76)
	at sun.reflect.NativeMethodAccessorImpl.invoke0(Native Method)
	at sun.reflect.NativeMethodAccessorImpl.invoke(NativeMethodAccessorImpl.java:62)
	at sun.reflect.DelegatingMethodAccessorImpl.invoke(DelegatingMethodAccessorImpl.java:43)
	at java.lang.reflect.Method.invoke(Method.java:498)
	at org.testng.internal.MethodInvocationHelper.invokeMethod(MethodInvocationHelper.java:85)
	at org.testng.internal.Invoker.invokeMethod(Invoker.java:639)
	at org.testng.internal.Invoker.invokeTestMethod(Invoker.java:816)
	at org.testng.internal.Invoker.invokeTestMethods(Invoker.java:1124)
	at org.testng.internal.TestMethodWorker.invokeTestMethods(TestMethodWorker.java:125)
	at org.testng.internal.TestMethodWorker.run(TestMethodWorker.java:108)
	at org.testng.TestRunner.privateRun(TestRunner.java:774)
	at org.testng.TestRunner.run(TestRunner.java:624)
	at org.testng.SuiteRunner.runTest(SuiteRunner.java:359)
	at org.testng.SuiteRunner.runSequentially(SuiteRunner.java:354)
	at org.testng.SuiteRunner.privateRun(SuiteRunner.java:312)
	at org.testng.SuiteRunner.run(SuiteRunner.java:261)
	at org.testng.SuiteRunnerWorker.runSuite(SuiteRunnerWorker.java:52)
	at org.testng.SuiteRunnerWorker.run(SuiteRunnerWorker.java:86)
	at org.testng.TestNG.runSuitesSequentially(TestNG.java:1215)
	at org.testng.TestNG.runSuitesLocally(TestNG.java:1140)
	at org.testng.TestNG.run(TestNG.java:1048)
	at org.testng.remote.AbstractRemoteTestNG.run(AbstractRemoteTestNG.java:132)
	at org.testng.remote.RemoteTestNG.initAndRun(RemoteTestNG.java:236)
	at org.testng.remote.RemoteTestNG.main(RemoteTestNG.java:81)
]]>
    </failure>
  </testcase> <!-- planOfApprovalFormFilling -->
  <testcase name="planOfApprovalFormFilling" time="83.073" classname="com.cgg.testcases.PlanOfAppTest"/>
  <testcase name="planOfApprovalFormFilling" time="23.908" classname="com.cgg.testcases.PlanOfAppTest"/>
  <testcase name="planOfApprovalFormFilling" time="23.509" classname="com.cgg.testcases.PlanOfAppTest"/>
  <testcase name="planOfApprovalFormFilling" time="52.770" classname="com.cgg.testcases.PlanOfAppTest"/>
  <testcase name="planOfApprovalFormFilling" time="85.228" classname="com.cgg.testcases.PlanOfAppTest">
    <failure type="java.lang.AssertionError" message="Navigating Payment Page expected [true] but found [false]">
      <![CDATA[java.lang.AssertionError: Navigating Payment Page expected [true] but found [false]
	at org.testng.Assert.fail(Assert.java:94)
	at org.testng.Assert.failNotEquals(Assert.java:496)
	at org.testng.Assert.assertTrue(Assert.java:42)
	at com.cgg.testcases.PlanOfAppTest.planOfApprovalFormFilling(PlanOfAppTest.java:76)
	at sun.reflect.GeneratedMethodAccessor9.invoke(Unknown Source)
	at sun.reflect.DelegatingMethodAccessorImpl.invoke(DelegatingMethodAccessorImpl.java:43)
	at java.lang.reflect.Method.invoke(Method.java:498)
	at org.testng.internal.MethodInvocationHelper.invokeMethod(MethodInvocationHelper.java:85)
	at org.testng.internal.Invoker.invokeMethod(Invoker.java:639)
	at org.testng.internal.Invoker.invokeTestMethod(Invoker.java:816)
	at org.testng.internal.Invoker.invokeTestMethods(Invoker.java:1124)
	at org.testng.internal.TestMethodWorker.invokeTestMethods(TestMethodWorker.java:125)
	at org.testng.internal.TestMethodWorker.run(TestMethodWorker.java:108)
	at org.testng.TestRunner.privateRun(TestRunner.java:774)
	at org.testng.TestRunner.run(TestRunner.java:624)
	at org.testng.SuiteRunner.runTest(SuiteRunner.java:359)
	at org.testng.SuiteRunner.runSequentially(SuiteRunner.java:354)
	at org.testng.SuiteRunner.privateRun(SuiteRunner.java:312)
	at org.testng.SuiteRunner.run(SuiteRunner.java:261)
	at org.testng.SuiteRunnerWorker.runSuite(SuiteRunnerWorker.java:52)
	at org.testng.SuiteRunnerWorker.run(SuiteRunnerWorker.java:86)
	at org.testng.TestNG.runSuitesSequentially(TestNG.java:1215)
	at org.testng.TestNG.runSuitesLocally(TestNG.java:1140)
	at org.testng.TestNG.run(TestNG.java:1048)
	at org.testng.remote.AbstractRemoteTestNG.run(AbstractRemoteTestNG.java:132)
	at org.testng.remote.RemoteTestNG.initAndRun(RemoteTestNG.java:236)
	at org.testng.remote.RemoteTestNG.main(RemoteTestNG.java:81)
]]>
    </failure>
  </testcase> <!-- planOfApprovalFormFilling -->
  <testcase name="planOfApprovalFormFilling" time="21.569" classname="com.cgg.testcases.PlanOfAppTest"/>
  <testcase name="planOfApprovalFormFilling" time="23.599" classname="com.cgg.testcases.PlanOfAppTest"/>
  <testcase name="planOfApprovalFormFilling" time="23.498" classname="com.cgg.testcases.PlanOfAppTest"/>
  <testcase name="planOfApprovalFormFilling" time="23.635" classname="com.cgg.testcases.PlanOfAppTest"/>
  <testcase name="planOfApprovalFormFilling" time="23.455" classname="com.cgg.testcases.PlanOfAppTest"/>
  <testcase name="planOfApprovalFormFilling" time="26.857" classname="com.cgg.testcases.PlanOfAppTest"/>
  <testcase name="planOfApprovalFormFilling" time="113.428" classname="com.cgg.testcases.PlanOfAppTest"/>
  <testcase name="planOfApprovalFormFilling" time="23.313" classname="com.cgg.testcases.PlanOfAppTest"/>
  <testcase name="planOfApprovalFormFilling" time="21.246" classname="com.cgg.testcases.PlanOfAppTest"/>
  <testcase name="planOfApprovalFormFilling" time="86.138" classname="com.cgg.testcases.PlanOfAppTest">
    <failure type="java.lang.AssertionError" message="Navigating Payment Page expected [true] but found [false]">
      <![CDATA[java.lang.AssertionError: Navigating Payment Page expected [true] but found [false]
	at org.testng.Assert.fail(Assert.java:94)
	at org.testng.Assert.failNotEquals(Assert.java:496)
	at org.testng.Assert.assertTrue(Assert.java:42)
	at com.cgg.testcases.PlanOfAppTest.planOfApprovalFormFilling(PlanOfAppTest.java:76)
	at sun.reflect.NativeMethodAccessorImpl.invoke0(Native Method)
	at sun.reflect.NativeMethodAccessorImpl.invoke(NativeMethodAccessorImpl.java:62)
	at sun.reflect.DelegatingMethodAccessorImpl.invoke(DelegatingMethodAccessorImpl.java:43)
	at java.lang.reflect.Method.invoke(Method.java:498)
	at org.testng.internal.MethodInvocationHelper.invokeMethod(MethodInvocationHelper.java:85)
	at org.testng.internal.Invoker.invokeMethod(Invoker.java:639)
	at org.testng.internal.Invoker.invokeTestMethod(Invoker.java:816)
	at org.testng.internal.Invoker.invokeTestMethods(Invoker.java:1124)
	at org.testng.internal.TestMethodWorker.invokeTestMethods(TestMethodWorker.java:125)
	at org.testng.internal.TestMethodWorker.run(TestMethodWorker.java:108)
	at org.testng.TestRunner.privateRun(TestRunner.java:774)
	at org.testng.TestRunner.run(TestRunner.java:624)
	at org.testng.SuiteRunner.runTest(SuiteRunner.java:359)
	at org.testng.SuiteRunner.runSequentially(SuiteRunner.java:354)
	at org.testng.SuiteRunner.privateRun(SuiteRunner.java:312)
	at org.testng.SuiteRunner.run(SuiteRunner.java:261)
	at org.testng.SuiteRunnerWorker.runSuite(SuiteRunnerWorker.java:52)
	at org.testng.SuiteRunnerWorker.run(SuiteRunnerWorker.java:86)
	at org.testng.TestNG.runSuitesSequentially(TestNG.java:1215)
	at org.testng.TestNG.runSuitesLocally(TestNG.java:1140)
	at org.testng.TestNG.run(TestNG.java:1048)
	at org.testng.remote.AbstractRemoteTestNG.run(AbstractRemoteTestNG.java:132)
	at org.testng.remote.RemoteTestNG.initAndRun(RemoteTestNG.java:236)
	at org.testng.remote.RemoteTestNG.main(RemoteTestNG.java:81)
]]>
    </failure>
  </testcase> <!-- planOfApprovalFormFilling -->
  <testcase name="planOfApprovalFormFilling" time="23.178" classname="com.cgg.testcases.PlanOfAppTest"/>
  <testcase name="planOfApprovalFormFilling" time="23.537" classname="com.cgg.testcases.PlanOfAppTest"/>
  <testcase name="planOfApprovalFormFilling" time="23.749" classname="com.cgg.testcases.PlanOfAppTest"/>
  <testcase name="planOfApprovalFormFilling" time="86.716" classname="com.cgg.testcases.PlanOfAppTest">
    <failure type="java.lang.AssertionError" message="Navigating Payment Page expected [true] but found [false]">
      <![CDATA[java.lang.AssertionError: Navigating Payment Page expected [true] but found [false]
	at org.testng.Assert.fail(Assert.java:94)
	at org.testng.Assert.failNotEquals(Assert.java:496)
	at org.testng.Assert.assertTrue(Assert.java:42)
	at com.cgg.testcases.PlanOfAppTest.planOfApprovalFormFilling(PlanOfAppTest.java:76)
	at sun.reflect.NativeMethodAccessorImpl.invoke0(Native Method)
	at sun.reflect.NativeMethodAccessorImpl.invoke(NativeMethodAccessorImpl.java:62)
	at sun.reflect.DelegatingMethodAccessorImpl.invoke(DelegatingMethodAccessorImpl.java:43)
	at java.lang.reflect.Method.invoke(Method.java:498)
	at org.testng.internal.MethodInvocationHelper.invokeMethod(MethodInvocationHelper.java:85)
	at org.testng.internal.Invoker.invokeMethod(Invoker.java:639)
	at org.testng.internal.Invoker.invokeTestMethod(Invoker.java:816)
	at org.testng.internal.Invoker.invokeTestMethods(Invoker.java:1124)
	at org.testng.internal.TestMethodWorker.invokeTestMethods(TestMethodWorker.java:125)
	at org.testng.internal.TestMethodWorker.run(TestMethodWorker.java:108)
	at org.testng.TestRunner.privateRun(TestRunner.java:774)
	at org.testng.TestRunner.run(TestRunner.java:624)
	at org.testng.SuiteRunner.runTest(SuiteRunner.java:359)
	at org.testng.SuiteRunner.runSequentially(SuiteRunner.java:354)
	at org.testng.SuiteRunner.privateRun(SuiteRunner.java:312)
	at org.testng.SuiteRunner.run(SuiteRunner.java:261)
	at org.testng.SuiteRunnerWorker.runSuite(SuiteRunnerWorker.java:52)
	at org.testng.SuiteRunnerWorker.run(SuiteRunnerWorker.java:86)
	at org.testng.TestNG.runSuitesSequentially(TestNG.java:1215)
	at org.testng.TestNG.runSuitesLocally(TestNG.java:1140)
	at org.testng.TestNG.run(TestNG.java:1048)
	at org.testng.remote.AbstractRemoteTestNG.run(AbstractRemoteTestNG.java:132)
	at org.testng.remote.RemoteTestNG.initAndRun(RemoteTestNG.java:236)
	at org.testng.remote.RemoteTestNG.main(RemoteTestNG.java:81)
]]>
    </failure>
  </testcase> <!-- planOfApprovalFormFilling -->
  <testcase name="planOfApprovalFormFilling" time="23.228" classname="com.cgg.testcases.PlanOfAppTest"/>
  <testcase name="planOfApprovalFormFilling" time="24.049" classname="com.cgg.testcases.PlanOfAppTest"/>
  <testcase name="planOfApprovalFormFilling" time="23.228" classname="com.cgg.testcases.PlanOfAppTest"/>
  <testcase name="planOfApprovalFormFilling" time="23.283" classname="com.cgg.testcases.PlanOfAppTest"/>
  <testcase name="planOfApprovalFormFilling" time="23.517" classname="com.cgg.testcases.PlanOfAppTest"/>
  <testcase name="planOfApprovalFormFilling" time="24.574" classname="com.cgg.testcases.PlanOfAppTest"/>
  <testcase name="planOfApprovalFormFilling" time="23.782" classname="com.cgg.testcases.PlanOfAppTest"/>
  <testcase name="planOfApprovalFormFilling" time="23.333" classname="com.cgg.testcases.PlanOfAppTest"/>
  <testcase name="planOfApprovalFormFilling" time="21.139" classname="com.cgg.testcases.PlanOfAppTest"/>
  <testcase name="planOfApprovalFormFilling" time="21.182" classname="com.cgg.testcases.PlanOfAppTest"/>
  <testcase name="planOfApprovalFormFilling" time="84.846" classname="com.cgg.testcases.PlanOfAppTest">
    <failure type="java.lang.AssertionError" message="Navigating Payment Page expected [true] but found [false]">
      <![CDATA[java.lang.AssertionError: Navigating Payment Page expected [true] but found [false]
	at org.testng.Assert.fail(Assert.java:94)
	at org.testng.Assert.failNotEquals(Assert.java:496)
	at org.testng.Assert.assertTrue(Assert.java:42)
	at com.cgg.testcases.PlanOfAppTest.planOfApprovalFormFilling(PlanOfAppTest.java:76)
	at sun.reflect.NativeMethodAccessorImpl.invoke0(Native Method)
	at sun.reflect.NativeMethodAccessorImpl.invoke(NativeMethodAccessorImpl.java:62)
	at sun.reflect.DelegatingMethodAccessorImpl.invoke(DelegatingMethodAccessorImpl.java:43)
	at java.lang.reflect.Method.invoke(Method.java:498)
	at org.testng.internal.MethodInvocationHelper.invokeMethod(MethodInvocationHelper.java:85)
	at org.testng.internal.Invoker.invokeMethod(Invoker.java:639)
	at org.testng.internal.Invoker.invokeTestMethod(Invoker.java:816)
	at org.testng.internal.Invoker.invokeTestMethods(Invoker.java:1124)
	at org.testng.internal.TestMethodWorker.invokeTestMethods(TestMethodWorker.java:125)
	at org.testng.internal.TestMethodWorker.run(TestMethodWorker.java:108)
	at org.testng.TestRunner.privateRun(TestRunner.java:774)
	at org.testng.TestRunner.run(TestRunner.java:624)
	at org.testng.SuiteRunner.runTest(SuiteRunner.java:359)
	at org.testng.SuiteRunner.runSequentially(SuiteRunner.java:354)
	at org.testng.SuiteRunner.privateRun(SuiteRunner.java:312)
	at org.testng.SuiteRunner.run(SuiteRunner.java:261)
	at org.testng.SuiteRunnerWorker.runSuite(SuiteRunnerWorker.java:52)
	at org.testng.SuiteRunnerWorker.run(SuiteRunnerWorker.java:86)
	at org.testng.TestNG.runSuitesSequentially(TestNG.java:1215)
	at org.testng.TestNG.runSuitesLocally(TestNG.java:1140)
	at org.testng.TestNG.run(TestNG.java:1048)
	at org.testng.remote.AbstractRemoteTestNG.run(AbstractRemoteTestNG.java:132)
	at org.testng.remote.RemoteTestNG.initAndRun(RemoteTestNG.java:236)
	at org.testng.remote.RemoteTestNG.main(RemoteTestNG.java:81)
]]>
    </failure>
  </testcase> <!-- planOfApprovalFormFilling -->
  <testcase name="planOfApprovalFormFilling" time="23.332" classname="com.cgg.testcases.PlanOfAppTest"/>
  <testcase name="planOfApprovalFormFilling" time="23.391" classname="com.cgg.testcases.PlanOfAppTest"/>
  <testcase name="planOfApprovalFormFilling" time="22.922" classname="com.cgg.testcases.PlanOfAppTest"/>
  <testcase name="planOfApprovalFormFilling" time="85.816" classname="com.cgg.testcases.PlanOfAppTest">
    <failure type="java.lang.AssertionError" message="Navigating Payment Page expected [true] but found [false]">
      <![CDATA[java.lang.AssertionError: Navigating Payment Page expected [true] but found [false]
	at org.testng.Assert.fail(Assert.java:94)
	at org.testng.Assert.failNotEquals(Assert.java:496)
	at org.testng.Assert.assertTrue(Assert.java:42)
	at com.cgg.testcases.PlanOfAppTest.planOfApprovalFormFilling(PlanOfAppTest.java:76)
	at sun.reflect.NativeMethodAccessorImpl.invoke0(Native Method)
	at sun.reflect.NativeMethodAccessorImpl.invoke(NativeMethodAccessorImpl.java:62)
	at sun.reflect.DelegatingMethodAccessorImpl.invoke(DelegatingMethodAccessorImpl.java:43)
	at java.lang.reflect.Method.invoke(Method.java:498)
	at org.testng.internal.MethodInvocationHelper.invokeMethod(MethodInvocationHelper.java:85)
	at org.testng.internal.Invoker.invokeMethod(Invoker.java:639)
	at org.testng.internal.Invoker.invokeTestMethod(Invoker.java:816)
	at org.testng.internal.Invoker.invokeTestMethods(Invoker.java:1124)
	at org.testng.internal.TestMethodWorker.invokeTestMethods(TestMethodWorker.java:125)
	at org.testng.internal.TestMethodWorker.run(TestMethodWorker.java:108)
	at org.testng.TestRunner.privateRun(TestRunner.java:774)
	at org.testng.TestRunner.run(TestRunner.java:624)
	at org.testng.SuiteRunner.runTest(SuiteRunner.java:359)
	at org.testng.SuiteRunner.runSequentially(SuiteRunner.java:354)
	at org.testng.SuiteRunner.privateRun(SuiteRunner.java:312)
	at org.testng.SuiteRunner.run(SuiteRunner.java:261)
	at org.testng.SuiteRunnerWorker.runSuite(SuiteRunnerWorker.java:52)
	at org.testng.SuiteRunnerWorker.run(SuiteRunnerWorker.java:86)
	at org.testng.TestNG.runSuitesSequentially(TestNG.java:1215)
	at org.testng.TestNG.runSuitesLocally(TestNG.java:1140)
	at org.testng.TestNG.run(TestNG.java:1048)
	at org.testng.remote.AbstractRemoteTestNG.run(AbstractRemoteTestNG.java:132)
	at org.testng.remote.RemoteTestNG.initAndRun(RemoteTestNG.java:236)
	at org.testng.remote.RemoteTestNG.main(RemoteTestNG.java:81)
]]>
    </failure>
  </testcase> <!-- planOfApprovalFormFilling -->
  <testcase name="planOfApprovalFormFilling" time="23.276" classname="com.cgg.testcases.PlanOfAppTest"/>
</testsuite> <!-- com.cgg.testcases.PlanOfAppTest -->
