<?xml version="1.0" encoding="UTF-8"?>
<testng-results skipped="0" failed="2" total="7" passed="5">
  <reporter-output>
  </reporter-output>
  <suite name="Default suite" duration-ms="76032" started-at="2018-05-23T09:01:51Z" finished-at="2018-05-23T09:03:07Z">
    <groups>
    </groups>
    <test name="Default test" duration-ms="76032" started-at="2018-05-23T09:01:51Z" finished-at="2018-05-23T09:03:07Z">
      <class name="com.cgg.testcases.GrievanceTest">
        <test-method status="PASS" signature="beforetest()[pri:0, instance:com.cgg.testcases.GrievanceTest@f5acb9d]" name="beforetest" is-config="true" duration-ms="5059" started-at="2018-05-23T14:31:46Z" finished-at="2018-05-23T14:31:51Z">
          <reporter-output>
          </reporter-output>
        </test-method> <!-- beforetest -->
        <test-method status="PASS" signature="testLogin(java.util.Hashtable)[pri:0, instance:com.cgg.testcases.GrievanceTest@f5acb9d]" name="testLogin" duration-ms="17040" started-at="2018-05-23T14:31:51Z" data-provider="getData" finished-at="2018-05-23T14:32:08Z">
          <params>
            <param index="0">
              <value>
                <![CDATA[{subCategory=Repairs to Foot Path, category=Engineering, Runmode=Y, fullLocality=Addagutta-Venkat Nagar, PartialLocality=e, DataFlag=P, citizenName=sandy, alertText=, grievanceDescription=testing at cgg, landmark=testing, mobNum=9491023820, TC=TC-001}]]>
              </value>
            </param>
          </params>
          <reporter-output>
          </reporter-output>
        </test-method> <!-- testLogin -->
        <test-method status="PASS" signature="Aftertest()[pri:0, instance:com.cgg.testcases.GrievanceTest@f5acb9d]" name="Aftertest" is-config="true" duration-ms="942" started-at="2018-05-23T14:32:08Z" finished-at="2018-05-23T14:32:09Z">
          <reporter-output>
          </reporter-output>
        </test-method> <!-- Aftertest -->
        <test-method status="PASS" signature="testLogin(java.util.Hashtable)[pri:0, instance:com.cgg.testcases.GrievanceTest@f5acb9d]" name="testLogin" duration-ms="11431" started-at="2018-05-23T14:32:09Z" data-provider="getData" finished-at="2018-05-23T14:32:20Z">
          <params>
            <param index="0">
              <value>
                <![CDATA[{subCategory=Repairs to Foot Path, category=Engineering, Runmode=Y, fullLocality=Boudhanagar-Boudhanagar, PartialLocality=B, DataFlag=P, citizenName=san, alertText=, grievanceDescription=testing at cgg, landmark=, mobNum=9491023820, TC=TC-002}]]>
              </value>
            </param>
          </params>
          <reporter-output>
          </reporter-output>
        </test-method> <!-- testLogin -->
        <test-method status="PASS" signature="Aftertest()[pri:0, instance:com.cgg.testcases.GrievanceTest@f5acb9d]" name="Aftertest" is-config="true" duration-ms="329" started-at="2018-05-23T14:32:20Z" finished-at="2018-05-23T14:32:21Z">
          <reporter-output>
          </reporter-output>
        </test-method> <!-- Aftertest -->
        <test-method status="PASS" signature="testLogin(java.util.Hashtable)[pri:0, instance:com.cgg.testcases.GrievanceTest@f5acb9d]" name="testLogin" duration-ms="12175" started-at="2018-05-23T14:32:21Z" data-provider="getData" finished-at="2018-05-23T14:32:33Z">
          <params>
            <param index="0">
              <value>
                <![CDATA[{subCategory=Repairs to Foot Path, category=Engineering, Runmode=Y, fullLocality=Bagh amberpet-Vambay Colony, PartialLocality=C, DataFlag=P, citizenName=rasheed, alertText=, grievanceDescription=testing at cgg, landmark=, mobNum=9491023820, TC=TC-003}]]>
              </value>
            </param>
          </params>
          <reporter-output>
          </reporter-output>
        </test-method> <!-- testLogin -->
        <test-method status="PASS" signature="Aftertest()[pri:0, instance:com.cgg.testcases.GrievanceTest@f5acb9d]" name="Aftertest" is-config="true" duration-ms="190" started-at="2018-05-23T14:32:33Z" finished-at="2018-05-23T14:32:33Z">
          <reporter-output>
          </reporter-output>
        </test-method> <!-- Aftertest -->
        <test-method status="PASS" signature="testLogin(java.util.Hashtable)[pri:0, instance:com.cgg.testcases.GrievanceTest@f5acb9d]" name="testLogin" duration-ms="12151" started-at="2018-05-23T14:32:33Z" data-provider="getData" finished-at="2018-05-23T14:32:45Z">
          <params>
            <param index="0">
              <value>
                <![CDATA[{subCategory=Repairs to Foot Path, category=Engineering, Runmode=Y, fullLocality=Begumpet-S.P. Road, PartialLocality=D, DataFlag=P, citizenName=ahmed, alertText=, grievanceDescription=testing at cgg, landmark=, mobNum=9491023820, TC=TC-004}]]>
              </value>
            </param>
          </params>
          <reporter-output>
          </reporter-output>
        </test-method> <!-- testLogin -->
        <test-method status="PASS" signature="Aftertest()[pri:0, instance:com.cgg.testcases.GrievanceTest@f5acb9d]" name="Aftertest" is-config="true" duration-ms="226" started-at="2018-05-23T14:32:45Z" finished-at="2018-05-23T14:32:45Z">
          <reporter-output>
          </reporter-output>
        </test-method> <!-- Aftertest -->
        <test-method status="PASS" signature="testLogin(java.util.Hashtable)[pri:0, instance:com.cgg.testcases.GrievanceTest@f5acb9d]" name="testLogin" duration-ms="12958" started-at="2018-05-23T14:32:45Z" data-provider="getData" finished-at="2018-05-23T14:32:58Z">
          <params>
            <param index="0">
              <value>
                <![CDATA[{subCategory=Repairs to Foot Path, category=Engineering, Runmode=Y, fullLocality=Monda Market-Rezimental Bazar, PartialLocality=E, DataFlag=P, citizenName=bhargavi, alertText=, grievanceDescription=testing at cgg, landmark=, mobNum=9491023820, TC=TC-005}]]>
              </value>
            </param>
          </params>
          <reporter-output>
          </reporter-output>
        </test-method> <!-- testLogin -->
        <test-method status="PASS" signature="Aftertest()[pri:0, instance:com.cgg.testcases.GrievanceTest@f5acb9d]" name="Aftertest" is-config="true" duration-ms="158" started-at="2018-05-23T14:32:58Z" finished-at="2018-05-23T14:32:58Z">
          <reporter-output>
          </reporter-output>
        </test-method> <!-- Aftertest -->
        <test-method status="FAIL" signature="testLogin(java.util.Hashtable)[pri:0, instance:com.cgg.testcases.GrievanceTest@f5acb9d]" name="testLogin" duration-ms="7918" started-at="2018-05-23T14:32:58Z" data-provider="getData" finished-at="2018-05-23T14:33:06Z">
          <params>
            <param index="0">
              <value>
                <![CDATA[{subCategory=Repairs to Foot Path, category=Engineering, Runmode=Y, fullLocality=Kondapur-Gafoor Nagar, PartialLocality=F, DataFlag=P, citizenName=naresh, alertText=, grievanceDescription=testing at cgg, landmark=, mobNum=9491023820, TC=TC-006}]]>
              </value>
            </param>
          </params>
          <exception class="java.lang.StringIndexOutOfBoundsException">
            <message>
              <![CDATA[String index out of range: 35]]>
            </message>
            <full-stacktrace>
              <![CDATA[java.lang.StringIndexOutOfBoundsException: String index out of range: 35
	at java.lang.String.substring(Unknown Source)
	at com.cgg.util.AssertionsUtil.verifyalertmessageForCItiZenGrievance(AssertionsUtil.java:97)
	at com.cgg.Pages.GrievanceHomePages.iscitizenAppSubmittedSuccessfully(GrievanceHomePages.java:119)
	at com.cgg.testcases.GrievanceTest.testLogin(GrievanceTest.java:38)
	at sun.reflect.NativeMethodAccessorImpl.invoke0(Native Method)
	at sun.reflect.NativeMethodAccessorImpl.invoke(Unknown Source)
	at sun.reflect.DelegatingMethodAccessorImpl.invoke(Unknown Source)
	at java.lang.reflect.Method.invoke(Unknown Source)
	at org.testng.internal.MethodInvocationHelper.invokeMethod(MethodInvocationHelper.java:86)
	at org.testng.internal.Invoker.invokeMethod(Invoker.java:643)
	at org.testng.internal.Invoker.invokeTestMethod(Invoker.java:820)
	at org.testng.internal.Invoker.invokeTestMethods(Invoker.java:1128)
	at org.testng.internal.TestMethodWorker.invokeTestMethods(TestMethodWorker.java:129)
	at org.testng.internal.TestMethodWorker.run(TestMethodWorker.java:112)
	at org.testng.TestRunner.privateRun(TestRunner.java:782)
	at org.testng.TestRunner.run(TestRunner.java:632)
	at org.testng.SuiteRunner.runTest(SuiteRunner.java:366)
	at org.testng.SuiteRunner.runSequentially(SuiteRunner.java:361)
	at org.testng.SuiteRunner.privateRun(SuiteRunner.java:319)
	at org.testng.SuiteRunner.run(SuiteRunner.java:268)
	at org.testng.SuiteRunnerWorker.runSuite(SuiteRunnerWorker.java:52)
	at org.testng.SuiteRunnerWorker.run(SuiteRunnerWorker.java:86)
	at org.testng.TestNG.runSuitesSequentially(TestNG.java:1244)
	at org.testng.TestNG.runSuitesLocally(TestNG.java:1169)
	at org.testng.TestNG.run(TestNG.java:1064)
	at org.testng.remote.AbstractRemoteTestNG.run(AbstractRemoteTestNG.java:114)
	at org.testng.remote.RemoteTestNG.initAndRun(RemoteTestNG.java:251)
	at org.testng.remote.RemoteTestNG.main(RemoteTestNG.java:77)
]]>
            </full-stacktrace>
          </exception> <!-- java.lang.StringIndexOutOfBoundsException -->
          <reporter-output>
          </reporter-output>
        </test-method> <!-- testLogin -->
        <test-method status="PASS" signature="Aftertest()[pri:0, instance:com.cgg.testcases.GrievanceTest@f5acb9d]" name="Aftertest" is-config="true" duration-ms="104" started-at="2018-05-23T14:33:06Z" finished-at="2018-05-23T14:33:07Z">
          <reporter-output>
          </reporter-output>
        </test-method> <!-- Aftertest -->
        <test-method status="FAIL" signature="testLogin(java.util.Hashtable)[pri:0, instance:com.cgg.testcases.GrievanceTest@f5acb9d]" name="testLogin" duration-ms="23" started-at="2018-05-23T14:33:07Z" data-provider="getData" finished-at="2018-05-23T14:33:07Z">
          <params>
            <param index="0">
              <value>
                <![CDATA[{subCategory=Repairs to Foot Path, category=Engineering, Runmode=Y, fullLocality=Mettuguda-Chilkalguda, PartialLocality=H, DataFlag=P, citizenName=uday, alertText=, grievanceDescription=testing at cgg, landmark=, mobNum=9491023820, TC=TC-007}]]>
              </value>
            </param>
          </params>
          <exception class="org.openqa.selenium.UnhandledAlertException">
            <message>
              <![CDATA[unexpected alert open: {Alert text : Please Enter Grievance Description}
  (Session info: chrome=66.0.3359.181)
  (Driver info: chromedriver=2.38.552522 (437e6fbedfa8762dec75e2c5b3ddb86763dc9dcb),platform=Windows NT 6.1.7601 SP1 x86_64) (WARNING: The server did not provide any stacktrace information)
Command duration or timeout: 14 milliseconds: null
Build info: version: '2.53.1', revision: 'a36b8b1cd5757287168e54b817830adce9b0158d', time: '2016-06-30 19:26:09'
System info: host: 'Admin-PC', ip: '192.168.109.1', os.name: 'Windows 7', os.arch: 'amd64', os.version: '6.1', java.version: '1.8.0_91'
Driver info: org.openqa.selenium.chrome.ChromeDriver
Capabilities [{applicationCacheEnabled=false, rotatable=false, mobileEmulationEnabled=false, networkConnectionEnabled=false, chrome={chromedriverVersion=2.38.552522 (437e6fbedfa8762dec75e2c5b3ddb86763dc9dcb), userDataDir=C:\Users\Admin\AppData\Local\Temp\scoped_dir9416_24825}, takesHeapSnapshot=true, pageLoadStrategy=normal, databaseEnabled=false, handlesAlerts=true, hasTouchScreen=false, version=66.0.3359.181, platform=XP, browserConnectionEnabled=false, nativeEvents=true, acceptSslCerts=false, acceptInsecureCerts=false, locationContextEnabled=true, webStorageEnabled=true, browserName=chrome, takesScreenshot=true, javascriptEnabled=true, cssSelectorsEnabled=true, setWindowRect=true, unexpectedAlertBehaviour=}]
Session ID: ba6e3469c2853ab85577bf8b9a16bdd7]]>
            </message>
            <full-stacktrace>
              <![CDATA[org.openqa.selenium.UnhandledAlertException: unexpected alert open: {Alert text : Please Enter Grievance Description}
  (Session info: chrome=66.0.3359.181)
  (Driver info: chromedriver=2.38.552522 (437e6fbedfa8762dec75e2c5b3ddb86763dc9dcb),platform=Windows NT 6.1.7601 SP1 x86_64) (WARNING: The server did not provide any stacktrace information)
Command duration or timeout: 14 milliseconds: null
Build info: version: '2.53.1', revision: 'a36b8b1cd5757287168e54b817830adce9b0158d', time: '2016-06-30 19:26:09'
System info: host: 'Admin-PC', ip: '192.168.109.1', os.name: 'Windows 7', os.arch: 'amd64', os.version: '6.1', java.version: '1.8.0_91'
Driver info: org.openqa.selenium.chrome.ChromeDriver
Capabilities [{applicationCacheEnabled=false, rotatable=false, mobileEmulationEnabled=false, networkConnectionEnabled=false, chrome={chromedriverVersion=2.38.552522 (437e6fbedfa8762dec75e2c5b3ddb86763dc9dcb), userDataDir=C:\Users\Admin\AppData\Local\Temp\scoped_dir9416_24825}, takesHeapSnapshot=true, pageLoadStrategy=normal, databaseEnabled=false, handlesAlerts=true, hasTouchScreen=false, version=66.0.3359.181, platform=XP, browserConnectionEnabled=false, nativeEvents=true, acceptSslCerts=false, acceptInsecureCerts=false, locationContextEnabled=true, webStorageEnabled=true, browserName=chrome, takesScreenshot=true, javascriptEnabled=true, cssSelectorsEnabled=true, setWindowRect=true, unexpectedAlertBehaviour=}]
Session ID: ba6e3469c2853ab85577bf8b9a16bdd7
	at sun.reflect.NativeConstructorAccessorImpl.newInstance0(Native Method)
	at sun.reflect.NativeConstructorAccessorImpl.newInstance(Unknown Source)
	at sun.reflect.DelegatingConstructorAccessorImpl.newInstance(Unknown Source)
	at java.lang.reflect.Constructor.newInstance(Unknown Source)
	at org.openqa.selenium.remote.ErrorHandler.createThrowable(ErrorHandler.java:206)
	at org.openqa.selenium.remote.ErrorHandler.throwIfResponseFailed(ErrorHandler.java:164)
	at org.openqa.selenium.remote.RemoteWebDriver.execute(RemoteWebDriver.java:678)
	at org.openqa.selenium.remote.RemoteWebDriver.get(RemoteWebDriver.java:316)
	at com.cgg.testcases.GrievanceTest.testLogin(GrievanceTest.java:24)
	at sun.reflect.NativeMethodAccessorImpl.invoke0(Native Method)
	at sun.reflect.NativeMethodAccessorImpl.invoke(Unknown Source)
	at sun.reflect.DelegatingMethodAccessorImpl.invoke(Unknown Source)
	at java.lang.reflect.Method.invoke(Unknown Source)
	at org.testng.internal.MethodInvocationHelper.invokeMethod(MethodInvocationHelper.java:86)
	at org.testng.internal.Invoker.invokeMethod(Invoker.java:643)
	at org.testng.internal.Invoker.invokeTestMethod(Invoker.java:820)
	at org.testng.internal.Invoker.invokeTestMethods(Invoker.java:1128)
	at org.testng.internal.TestMethodWorker.invokeTestMethods(TestMethodWorker.java:129)
	at org.testng.internal.TestMethodWorker.run(TestMethodWorker.java:112)
	at org.testng.TestRunner.privateRun(TestRunner.java:782)
	at org.testng.TestRunner.run(TestRunner.java:632)
	at org.testng.SuiteRunner.runTest(SuiteRunner.java:366)
	at org.testng.SuiteRunner.runSequentially(SuiteRunner.java:361)
	at org.testng.SuiteRunner.privateRun(SuiteRunner.java:319)
	at org.testng.SuiteRunner.run(SuiteRunner.java:268)
	at org.testng.SuiteRunnerWorker.runSuite(SuiteRunnerWorker.java:52)
	at org.testng.SuiteRunnerWorker.run(SuiteRunnerWorker.java:86)
	at org.testng.TestNG.runSuitesSequentially(TestNG.java:1244)
	at org.testng.TestNG.runSuitesLocally(TestNG.java:1169)
	at org.testng.TestNG.run(TestNG.java:1064)
	at org.testng.remote.AbstractRemoteTestNG.run(AbstractRemoteTestNG.java:114)
	at org.testng.remote.RemoteTestNG.initAndRun(RemoteTestNG.java:251)
	at org.testng.remote.RemoteTestNG.main(RemoteTestNG.java:77)
]]>
            </full-stacktrace>
          </exception> <!-- org.openqa.selenium.UnhandledAlertException -->
          <reporter-output>
          </reporter-output>
        </test-method> <!-- testLogin -->
        <test-method status="PASS" signature="Aftertest()[pri:0, instance:com.cgg.testcases.GrievanceTest@f5acb9d]" name="Aftertest" is-config="true" duration-ms="156" started-at="2018-05-23T14:33:07Z" finished-at="2018-05-23T14:33:07Z">
          <reporter-output>
          </reporter-output>
        </test-method> <!-- Aftertest -->
        <test-method status="PASS" signature="closeBrowser()[pri:0, instance:com.cgg.testcases.GrievanceTest@f5acb9d]" name="closeBrowser" is-config="true" duration-ms="1" started-at="2018-05-23T14:33:07Z" finished-at="2018-05-23T14:33:07Z">
          <reporter-output>
          </reporter-output>
        </test-method> <!-- closeBrowser -->
      </class> <!-- com.cgg.testcases.GrievanceTest -->
    </test> <!-- Default test -->
  </suite> <!-- Default suite -->
</testng-results>
